Explicit iteration done.
Iteration times:30000, break tolerance:0.00285095 .
Difference to solution: 3720.45 .
---------------------------------------------------------------.
************************************************************************************************************************
***             WIDEN YOUR WINDOW TO 120 CHARACTERS.  Use 'enscript -r -fCourier9' to print this document            ***
************************************************************************************************************************

---------------------------------------------- PETSc Performance Summary: ----------------------------------------------

explicit on a  named r13n45 with 2 processors, by ese-chenph Thu Jun  9 13:16:08 2022
Using Petsc Release Version 3.16.6, Mar 30, 2022 

                         Max       Max/Min     Avg       Total
Time (sec):           6.117e+00     1.000   6.117e+00
Objects:              3.002e+04     1.000   3.002e+04
Flop:                 1.788e+09     1.000   1.788e+09  3.576e+09
Flop/sec:             2.923e+08     1.000   2.923e+08  5.846e+08
MPI Messages:         3.000e+04     1.000   3.000e+04  6.001e+04
MPI Message Lengths:  2.423e+07     1.000   8.075e+02  4.846e+07
MPI Reductions:       3.004e+04     1.000

Flop counting convention: 1 flop = 1 real number operation of type (multiply/divide/add/subtract)
                            e.g., VecAXPY() for real vectors of length N --> 2N flop
                            and VecAXPY() for complex vectors of length N --> 8N flop

Summary of Stages:   ----- Time ------  ----- Flop ------  --- Messages ---  -- Message Lengths --  -- Reductions --
                        Avg     %Total     Avg     %Total    Count   %Total     Avg         %Total    Count   %Total
 0:      Main Stage: 6.1168e+00 100.0%  3.5761e+09 100.0%  6.001e+04 100.0%  8.075e+02      100.0%  3.002e+04  99.9%

------------------------------------------------------------------------------------------------------------------------
See the 'Profiling' chapter of the users' manual for details on interpreting output.
Phase summary info:
   Count: number of times phase was executed
   Time and Flop: Max - maximum over all processors
                  Ratio - ratio of maximum to minimum over all processors
   Mess: number of messages sent
   AvgLen: average message length (bytes)
   Reduct: number of global reductions
   Global: entire computation
   Stage: stages of a computation. Set stages with PetscLogStagePush() and PetscLogStagePop().
      %T - percent time in this phase         %F - percent flop in this phase
      %M - percent messages in this phase     %L - percent message lengths in this phase
      %R - percent reductions in this phase
   Total Mflop/s: 10e-6 * (sum of flop over all processors)/(max time over all processors)
------------------------------------------------------------------------------------------------------------------------
Event                Count      Time (sec)     Flop                              --- Global ---  --- Stage ----  Total
                   Max Ratio  Max     Ratio   Max  Ratio  Mess   AvgLen  Reduct  %T %F %M %L %R  %T %F %M %L %R Mflop/s
------------------------------------------------------------------------------------------------------------------------

--- Event Stage 0: Main Stage

BuildTwoSided          3 1.0 9.8279e-02539.5 0.00e+00 0.0 4.0e+00 6.0e+00 3.0e+00  1  0  0  0  0   1  0  0  0  0     0
BuildTwoSidedF         2 1.0 9.8358e-02484.8 0.00e+00 0.0 5.0e+00 9.1e+04 2.0e+00  1  0  0  1  0   1  0  0  1  0     0
VecView              302 1.0 3.9871e+00 1.0 0.00e+00 0.0 0.0e+00 0.0e+00 0.0e+00 65  0  0  0  0  65  0  0  0  0     0
VecMax                 1 1.0 4.4107e-05 2.2 0.00e+00 0.0 0.0e+00 0.0e+00 1.0e+00  0  0  0  0  0   0  0  0  0  0     0
VecNorm            30002 1.0 9.8894e-02 1.0 3.00e+08 1.0 0.0e+00 0.0e+00 3.0e+04  2 17  0  0100   2 17  0  0100  6067
VecCopy                1 1.0 5.1975e-05 1.7 0.00e+00 0.0 0.0e+00 0.0e+00 0.0e+00  0  0  0  0  0   0  0  0  0  0     0
VecSet                 3 1.0 3.4809e-05 1.4 0.00e+00 0.0 0.0e+00 0.0e+00 0.0e+00  0  0  0  0  0   0  0  0  0  0     0
VecAXPY                1 1.0 2.3842e-05 1.8 5.00e+03 1.0 0.0e+00 0.0e+00 0.0e+00  0  0  0  0  0   0  0  0  0  0   419
VecAXPBYCZ             1 1.0 4.3154e-05 1.5 2.00e+04 1.0 0.0e+00 0.0e+00 0.0e+00  0  0  0  0  0   0  0  0  0  0   927
VecAssemblyBegin       1 1.0 1.4210e-04 1.3 0.00e+00 0.0 3.0e+00 2.0e+04 1.0e+00  0  0  0  0  0   0  0  0  0  0     0
VecAssemblyEnd         1 1.0 8.6069e-0540.1 0.00e+00 0.0 0.0e+00 0.0e+00 0.0e+00  0  0  0  0  0   0  0  0  0  0     0
VecLoad                1 1.0 1.2522e-03 1.0 0.00e+00 0.0 0.0e+00 0.0e+00 1.0e+00  0  0  0  0  0   0  0  0  0  0     0
VecScatterBegin    30000 1.0 1.2571e-01 1.0 0.00e+00 0.0 6.0e+04 8.0e+02 1.0e+00  2  0100 99  0   2  0100 99  0     0
VecScatterEnd      30000 1.0 4.0059e-02 1.1 0.00e+00 0.0 0.0e+00 0.0e+00 0.0e+00  1  0  0  0  0   1  0  0  0  0     0
MatMultAdd         30000 1.0 1.0983e+00 1.0 1.49e+09 1.0 6.0e+04 8.0e+02 1.0e+00 18 83100 99  0  18 83100 99  0  2710
MatAssemblyBegin       1 1.0 9.9677e-02553.7 0.00e+00 0.0 2.0e+00 2.0e+05 1.0e+00  1  0  0  1  0   1  0  0  1  0     0
MatAssemblyEnd         1 1.0 2.7521e-03 1.0 0.00e+00 0.0 0.0e+00 0.0e+00 5.0e+00  0  0  0  0  0   0  0  0  0  0     0
SFSetGraph             1 1.0 9.5367e-07 1.0 0.00e+00 0.0 0.0e+00 0.0e+00 0.0e+00  0  0  0  0  0   0  0  0  0  0     0
SFSetUp                1 1.0 1.2708e-04 1.0 0.00e+00 0.0 4.0e+00 2.0e+02 1.0e+00  0  0  0  0  0   0  0  0  0  0     0
SFPack             30000 1.0 4.0970e-03 1.1 0.00e+00 0.0 0.0e+00 0.0e+00 0.0e+00  0  0  0  0  0   0  0  0  0  0     0
SFUnpack           30000 1.0 2.5125e-03 1.1 0.00e+00 0.0 0.0e+00 0.0e+00 0.0e+00  0  0  0  0  0   0  0  0  0  0     0
------------------------------------------------------------------------------------------------------------------------

Memory usage is given in bytes:

Object Type          Creations   Destructions     Memory  Descendants' Mem.
Reports information only for process 0.

--- Event Stage 0: Main Stage

              Viewer     3              2         1616     0.
              Vector 30011          30011   1252899952     0.
              Matrix     3              3       810040     0.
           Index Set     2              2         2184     0.
   Star Forest Graph     1              1         1200     0.
========================================================================================================================
Average time to get PetscTime(): 0.
Average time for MPI_Barrier(): 3.8147e-07
Average time for zero size MPI_Send(): 1.75238e-05
#PETSc Option Table entries:
-fname ../data/test01_ex.hdf5
-log_view
-maxIts 30000
-maxItsW 30000
-restart 0
#End of PETSc Option Table entries
Compiled without FORTRAN kernels
Compiled with full precision matrices (default)
sizeof(short) 2 sizeof(int) 4 sizeof(long) 8 sizeof(void*) 8 sizeof(PetscScalar) 8 sizeof(PetscInt) 4
Configure options: --with-mpi-dir=/share/intel/2018u4/compilers_and_libraries_2018.5.274/linux/mpi/intel64/ --with-blaslapack-dir=/share/intel/2018u4/compilers_and_libraries_2018.5.274/linux/mkl --with-debugging=no --prefix=/work/ese-chenph/lib/petsc-3.16.6-opt --download-hypre=/work/ese-chenph/petsc-3.16.6-extlibs/hypre-2.23.0.tar.gz --download-mumps=/work/ese-chenph/petsc-3.16.6-extlibs/petsc-pkg-mumps-6d1470374d32.tar.gz --download-metis=/work/ese-chenph/petsc-3.16.6-extlibs/petsc-pkg-metis-c8d2dc1e751e.tar.gz --download-hdf5=/work/ese-chenph/petsc-3.16.6-extlibs/hdf5-1.12.1.tar.bz2 COPTFLAGS="-O3 -march=native -mtune=native" CXXOPTFLAGS="-O3 -march=native -mtune=native" FOPTFLAGS="-O3 -march=native -mtune=native" --with-scalapack-include=/share/intel/2018u4/compilers_and_libraries_2018.5.274/linux/mkl/include --with-scalapack-lib="-L/share/intel/2018u4/compilers_and_libraries_2018.5.274/linux/mkl/lib/intel64/ -lmkl_blacs_intelmpi_lp64 -lmkl_scalapack_lp64"
-----------------------------------------
Libraries compiled on 2022-04-30 14:05:36 on login03 
Machine characteristics: Linux-3.10.0-862.el7.x86_64-x86_64-with-redhat-7.5-Maipo
Using PETSc directory: /work/ese-chenph/lib/petsc-3.16.6-opt
Using PETSc arch: 
-----------------------------------------

Using C compiler: /share/intel/2018u4/compilers_and_libraries_2018.5.274/linux/mpi/intel64/bin/mpicc  -fPIC -Wall -Wwrite-strings -Wno-strict-aliasing -Wno-unknown-pragmas -fstack-protector -fvisibility=hidden -O3 -march=native -mtune=native  -std=c99 
Using Fortran compiler: /share/intel/2018u4/compilers_and_libraries_2018.5.274/linux/mpi/intel64/bin/mpif90  -fPIC -Wall -ffree-line-length-0 -Wno-unused-dummy-argument -O3 -march=native -mtune=native     -std=c99
-----------------------------------------

Using include paths: -I/work/ese-chenph/lib/petsc-3.16.6-opt/include -I/share/intel/2018u4/compilers_and_libraries_2018.5.274/linux/mkl/include -I/share/intel/2018u4/compilers_and_libraries_2018.5.274/linux/mpi/intel64/include
-----------------------------------------

Using C linker: /share/intel/2018u4/compilers_and_libraries_2018.5.274/linux/mpi/intel64/bin/mpicc
Using Fortran linker: /share/intel/2018u4/compilers_and_libraries_2018.5.274/linux/mpi/intel64/bin/mpif90
Using libraries: -Wl,-rpath,/work/ese-chenph/lib/petsc-3.16.6-opt/lib -L/work/ese-chenph/lib/petsc-3.16.6-opt/lib -lpetsc -Wl,-rpath,/work/ese-chenph/lib/petsc-3.16.6-opt/lib -L/work/ese-chenph/lib/petsc-3.16.6-opt/lib -L/share/intel/2018u4/compilers_and_libraries_2018.5.274/linux/mkl/lib/intel64/ -Wl,-rpath,/share/intel/2018u4/compilers_and_libraries_2018.5.274/linux/mkl/lib/intel64 -L/share/intel/2018u4/compilers_and_libraries_2018.5.274/linux/mkl/lib/intel64 -Wl,-rpath,/share/intel/2018u4/compilers_and_libraries_2018.5.274/linux/mpi/intel64/lib/release_mt -L/share/intel/2018u4/compilers_and_libraries_2018.5.274/linux/mpi/intel64/lib/release_mt -Wl,-rpath,/share/intel/2018u4/compilers_and_libraries_2018.5.274/linux/mpi/intel64/lib -L/share/intel/2018u4/compilers_and_libraries_2018.5.274/linux/mpi/intel64/lib -Wl,-rpath,/usr/lib/gcc/x86_64-redhat-linux/4.8.5 -L/usr/lib/gcc/x86_64-redhat-linux/4.8.5 -Wl,-rpath,/opt/intel/mpi-rt/2017.0.0/intel64/lib/release_mt -Wl,-rpath,/opt/intel/mpi-rt/2017.0.0/intel64/lib -lHYPRE -lcmumps -ldmumps -lsmumps -lzmumps -lmumps_common -lpord -lmkl_blacs_intelmpi_lp64 -lmkl_scalapack_lp64 -lmkl_intel_lp64 -lmkl_core -lmkl_sequential -lpthread -lhdf5_hl -lhdf5 -lmetis -lm -lX11 -lstdc++ -ldl -lmpifort -lmpi -lmpigi -lrt -lpthread -lgfortran -lm -lgfortran -lm -lgcc_s -lquadmath -lstdc++ -ldl
-----------------------------------------

