Explicit iteration done.
Iteration times:20000, break tolerance:0.00374964 .
Difference to solution: 5522.31 .
---------------------------------------------------------------.
************************************************************************************************************************
***             WIDEN YOUR WINDOW TO 120 CHARACTERS.  Use 'enscript -r -fCourier9' to print this document            ***
************************************************************************************************************************

---------------------------------------------- PETSc Performance Summary: ----------------------------------------------

explicit on a  named r13n45 with 3 processors, by ese-chenph Thu Jun  9 13:14:37 2022
Using Petsc Release Version 3.16.6, Mar 30, 2022 

                         Max       Max/Min     Avg       Total
Time (sec):           3.629e+00     1.000   3.629e+00
Objects:              2.002e+04     1.000   2.002e+04
Flop:                 7.973e+08     1.005   7.947e+08  2.384e+09
Flop/sec:             2.197e+08     1.005   2.190e+08  6.570e+08
MPI Messages:         4.001e+04     2.000   2.667e+04  8.002e+04
MPI Message Lengths:  3.215e+07     1.991   8.075e+02  6.461e+07
MPI Reductions:       2.004e+04     1.000

Flop counting convention: 1 flop = 1 real number operation of type (multiply/divide/add/subtract)
                            e.g., VecAXPY() for real vectors of length N --> 2N flop
                            and VecAXPY() for complex vectors of length N --> 8N flop

Summary of Stages:   ----- Time ------  ----- Flop ------  --- Messages ---  -- Message Lengths --  -- Reductions --
                        Avg     %Total     Avg     %Total    Count   %Total     Avg         %Total    Count   %Total
 0:      Main Stage: 3.6290e+00 100.0%  2.3841e+09 100.0%  8.002e+04 100.0%  8.075e+02      100.0%  2.002e+04  99.9%

------------------------------------------------------------------------------------------------------------------------
See the 'Profiling' chapter of the users' manual for details on interpreting output.
Phase summary info:
   Count: number of times phase was executed
   Time and Flop: Max - maximum over all processors
                  Ratio - ratio of maximum to minimum over all processors
   Mess: number of messages sent
   AvgLen: average message length (bytes)
   Reduct: number of global reductions
   Global: entire computation
   Stage: stages of a computation. Set stages with PetscLogStagePush() and PetscLogStagePop().
      %T - percent time in this phase         %F - percent flop in this phase
      %M - percent messages in this phase     %L - percent message lengths in this phase
      %R - percent reductions in this phase
   Total Mflop/s: 10e-6 * (sum of flop over all processors)/(max time over all processors)
------------------------------------------------------------------------------------------------------------------------
Event                Count      Time (sec)     Flop                              --- Global ---  --- Stage ----  Total
                   Max Ratio  Max     Ratio   Max  Ratio  Mess   AvgLen  Reduct  %T %F %M %L %R  %T %F %M %L %R Mflop/s
------------------------------------------------------------------------------------------------------------------------

--- Event Stage 0: Main Stage

BuildTwoSided          3 1.0 5.0784e-02235.9 0.00e+00 0.0 8.0e+00 6.0e+00 3.0e+00  1  0  0  0  0   1  0  0  0  0     0
BuildTwoSidedF         2 1.0 5.0825e-02210.9 0.00e+00 0.0 1.0e+01 6.1e+04 2.0e+00  1  0  0  1  0   1  0  0  1  0     0
VecView              202 1.0 2.6059e+00 1.0 0.00e+00 0.0 0.0e+00 0.0e+00 0.0e+00 72  0  0  0  0  72  0  0  0  0     0
VecMax                 1 1.0 3.8862e-05 2.1 0.00e+00 0.0 0.0e+00 0.0e+00 1.0e+00  0  0  0  0  0   0  0  0  0  0     0
VecNorm            20002 1.0 8.8358e-02 1.9 1.33e+08 1.0 0.0e+00 0.0e+00 2.0e+04  2 17  0  0100   2 17  0  0100  4527
VecCopy                1 1.0 2.3127e-05 2.3 0.00e+00 0.0 0.0e+00 0.0e+00 0.0e+00  0  0  0  0  0   0  0  0  0  0     0
VecSet                 3 1.0 2.9087e-05 1.5 0.00e+00 0.0 0.0e+00 0.0e+00 0.0e+00  0  0  0  0  0   0  0  0  0  0     0
VecAXPY                1 1.0 3.5048e-05 1.6 3.33e+03 1.0 0.0e+00 0.0e+00 0.0e+00  0  0  0  0  0   0  0  0  0  0   285
VecAXPBYCZ             1 1.0 3.5048e-05 1.8 1.33e+04 1.0 0.0e+00 0.0e+00 0.0e+00  0  0  0  0  0   0  0  0  0  0  1141
VecAssemblyBegin       1 1.0 2.0289e-04 1.4 0.00e+00 0.0 6.0e+00 1.3e+04 1.0e+00  0  0  0  0  0   0  0  0  0  0     0
VecAssemblyEnd         1 1.0 7.3195e-0523.6 0.00e+00 0.0 0.0e+00 0.0e+00 0.0e+00  0  0  0  0  0   0  0  0  0  0     0
VecLoad                1 1.0 1.8950e-03 1.0 0.00e+00 0.0 0.0e+00 0.0e+00 1.0e+00  0  0  0  0  0   0  0  0  0  0     0
VecScatterBegin    20000 1.0 8.3276e-02 2.5 0.00e+00 0.0 8.0e+04 8.0e+02 1.0e+00  2  0100 99  0   2  0100 99  0     0
VecScatterEnd      20000 1.0 3.0845e-02 1.5 0.00e+00 0.0 0.0e+00 0.0e+00 0.0e+00  1  0  0  0  0   1  0  0  0  0     0
MatMultAdd         20000 1.0 5.3067e-01 1.1 6.64e+08 1.0 8.0e+04 8.0e+02 1.0e+00 14 83100 99  0  14 83100 99  0  3739
MatAssemblyBegin       1 1.0 5.2335e-02333.6 0.00e+00 0.0 4.0e+00 1.3e+05 1.0e+00  1  0  0  1  0   1  0  0  1  0     0
MatAssemblyEnd         1 1.0 2.4431e-03 1.0 0.00e+00 0.0 0.0e+00 0.0e+00 5.0e+00  0  0  0  0  0   0  0  0  0  0     0
SFSetGraph             1 1.0 9.5367e-07 0.0 0.00e+00 0.0 0.0e+00 0.0e+00 0.0e+00  0  0  0  0  0   0  0  0  0  0     0
SFSetUp                1 1.0 3.2210e-04 1.1 0.00e+00 0.0 8.0e+00 2.0e+02 1.0e+00  0  0  0  0  0   0  0  0  0  0     0
SFPack             20000 1.0 5.0294e-03 1.9 0.00e+00 0.0 0.0e+00 0.0e+00 0.0e+00  0  0  0  0  0   0  0  0  0  0     0
SFUnpack           20000 1.0 1.9846e-03 1.3 0.00e+00 0.0 0.0e+00 0.0e+00 0.0e+00  0  0  0  0  0   0  0  0  0  0     0
------------------------------------------------------------------------------------------------------------------------

Memory usage is given in bytes:

Object Type          Creations   Destructions     Memory  Descendants' Mem.
Reports information only for process 0.

--- Event Stage 0: Main Stage

              Viewer     3              2         1616     0.
              Vector 20011          20011    568713328     0.
              Matrix     3              3       543480     0.
           Index Set     2              2         2184     0.
   Star Forest Graph     1              1         1200     0.
========================================================================================================================
Average time to get PetscTime(): 0.
Average time for MPI_Barrier(): 6.19888e-07
Average time for zero size MPI_Send(): 1.26362e-05
#PETSc Option Table entries:
-fname ../data/test01_ex.hdf5
-log_view
-maxIts 20000
-maxItsW 20000
-restart 0
#End of PETSc Option Table entries
Compiled without FORTRAN kernels
Compiled with full precision matrices (default)
sizeof(short) 2 sizeof(int) 4 sizeof(long) 8 sizeof(void*) 8 sizeof(PetscScalar) 8 sizeof(PetscInt) 4
Configure options: --with-mpi-dir=/share/intel/2018u4/compilers_and_libraries_2018.5.274/linux/mpi/intel64/ --with-blaslapack-dir=/share/intel/2018u4/compilers_and_libraries_2018.5.274/linux/mkl --with-debugging=no --prefix=/work/ese-chenph/lib/petsc-3.16.6-opt --download-hypre=/work/ese-chenph/petsc-3.16.6-extlibs/hypre-2.23.0.tar.gz --download-mumps=/work/ese-chenph/petsc-3.16.6-extlibs/petsc-pkg-mumps-6d1470374d32.tar.gz --download-metis=/work/ese-chenph/petsc-3.16.6-extlibs/petsc-pkg-metis-c8d2dc1e751e.tar.gz --download-hdf5=/work/ese-chenph/petsc-3.16.6-extlibs/hdf5-1.12.1.tar.bz2 COPTFLAGS="-O3 -march=native -mtune=native" CXXOPTFLAGS="-O3 -march=native -mtune=native" FOPTFLAGS="-O3 -march=native -mtune=native" --with-scalapack-include=/share/intel/2018u4/compilers_and_libraries_2018.5.274/linux/mkl/include --with-scalapack-lib="-L/share/intel/2018u4/compilers_and_libraries_2018.5.274/linux/mkl/lib/intel64/ -lmkl_blacs_intelmpi_lp64 -lmkl_scalapack_lp64"
-----------------------------------------
Libraries compiled on 2022-04-30 14:05:36 on login03 
Machine characteristics: Linux-3.10.0-862.el7.x86_64-x86_64-with-redhat-7.5-Maipo
Using PETSc directory: /work/ese-chenph/lib/petsc-3.16.6-opt
Using PETSc arch: 
-----------------------------------------

Using C compiler: /share/intel/2018u4/compilers_and_libraries_2018.5.274/linux/mpi/intel64/bin/mpicc  -fPIC -Wall -Wwrite-strings -Wno-strict-aliasing -Wno-unknown-pragmas -fstack-protector -fvisibility=hidden -O3 -march=native -mtune=native  -std=c99 
Using Fortran compiler: /share/intel/2018u4/compilers_and_libraries_2018.5.274/linux/mpi/intel64/bin/mpif90  -fPIC -Wall -ffree-line-length-0 -Wno-unused-dummy-argument -O3 -march=native -mtune=native     -std=c99
-----------------------------------------

Using include paths: -I/work/ese-chenph/lib/petsc-3.16.6-opt/include -I/share/intel/2018u4/compilers_and_libraries_2018.5.274/linux/mkl/include -I/share/intel/2018u4/compilers_and_libraries_2018.5.274/linux/mpi/intel64/include
-----------------------------------------

Using C linker: /share/intel/2018u4/compilers_and_libraries_2018.5.274/linux/mpi/intel64/bin/mpicc
Using Fortran linker: /share/intel/2018u4/compilers_and_libraries_2018.5.274/linux/mpi/intel64/bin/mpif90
Using libraries: -Wl,-rpath,/work/ese-chenph/lib/petsc-3.16.6-opt/lib -L/work/ese-chenph/lib/petsc-3.16.6-opt/lib -lpetsc -Wl,-rpath,/work/ese-chenph/lib/petsc-3.16.6-opt/lib -L/work/ese-chenph/lib/petsc-3.16.6-opt/lib -L/share/intel/2018u4/compilers_and_libraries_2018.5.274/linux/mkl/lib/intel64/ -Wl,-rpath,/share/intel/2018u4/compilers_and_libraries_2018.5.274/linux/mkl/lib/intel64 -L/share/intel/2018u4/compilers_and_libraries_2018.5.274/linux/mkl/lib/intel64 -Wl,-rpath,/share/intel/2018u4/compilers_and_libraries_2018.5.274/linux/mpi/intel64/lib/release_mt -L/share/intel/2018u4/compilers_and_libraries_2018.5.274/linux/mpi/intel64/lib/release_mt -Wl,-rpath,/share/intel/2018u4/compilers_and_libraries_2018.5.274/linux/mpi/intel64/lib -L/share/intel/2018u4/compilers_and_libraries_2018.5.274/linux/mpi/intel64/lib -Wl,-rpath,/usr/lib/gcc/x86_64-redhat-linux/4.8.5 -L/usr/lib/gcc/x86_64-redhat-linux/4.8.5 -Wl,-rpath,/opt/intel/mpi-rt/2017.0.0/intel64/lib/release_mt -Wl,-rpath,/opt/intel/mpi-rt/2017.0.0/intel64/lib -lHYPRE -lcmumps -ldmumps -lsmumps -lzmumps -lmumps_common -lpord -lmkl_blacs_intelmpi_lp64 -lmkl_scalapack_lp64 -lmkl_intel_lp64 -lmkl_core -lmkl_sequential -lpthread -lhdf5_hl -lhdf5 -lmetis -lm -lX11 -lstdc++ -ldl -lmpifort -lmpi -lmpigi -lrt -lpthread -lgfortran -lm -lgfortran -lm -lgcc_s -lquadmath -lstdc++ -ldl
-----------------------------------------

