Explicit iteration done.
Iteration times:80000, break tolerance:0.000407982 .
Difference to solution: 516.871 .
---------------------------------------------------------------.
************************************************************************************************************************
***             WIDEN YOUR WINDOW TO 120 CHARACTERS.  Use 'enscript -r -fCourier9' to print this document            ***
************************************************************************************************************************

---------------------------------------------- PETSc Performance Summary: ----------------------------------------------

explicit on a  named r13n45 with 8 processors, by ese-chenph Thu Jun  9 13:48:36 2022
Using Petsc Release Version 3.16.6, Mar 30, 2022 

                         Max       Max/Min     Avg       Total
Time (sec):           7.562e+00     1.000   7.561e+00
Objects:              8.002e+04     1.000   8.002e+04
Flop:                 1.196e+09     1.014   1.192e+09  9.536e+09
Flop/sec:             1.582e+08     1.014   1.576e+08  1.261e+09
MPI Messages:         1.600e+05     2.000   1.400e+05  1.120e+06
MPI Message Lengths:  1.281e+08     1.999   8.007e+02  8.968e+08
MPI Reductions:       8.004e+04     1.000

Flop counting convention: 1 flop = 1 real number operation of type (multiply/divide/add/subtract)
                            e.g., VecAXPY() for real vectors of length N --> 2N flop
                            and VecAXPY() for complex vectors of length N --> 8N flop

Summary of Stages:   ----- Time ------  ----- Flop ------  --- Messages ---  -- Message Lengths --  -- Reductions --
                        Avg     %Total     Avg     %Total    Count   %Total     Avg         %Total    Count   %Total
 0:      Main Stage: 7.5613e+00 100.0%  9.5361e+09 100.0%  1.120e+06 100.0%  8.007e+02      100.0%  8.002e+04 100.0%

------------------------------------------------------------------------------------------------------------------------
See the 'Profiling' chapter of the users' manual for details on interpreting output.
Phase summary info:
   Count: number of times phase was executed
   Time and Flop: Max - maximum over all processors
                  Ratio - ratio of maximum to minimum over all processors
   Mess: number of messages sent
   AvgLen: average message length (bytes)
   Reduct: number of global reductions
   Global: entire computation
   Stage: stages of a computation. Set stages with PetscLogStagePush() and PetscLogStagePop().
      %T - percent time in this phase         %F - percent flop in this phase
      %M - percent messages in this phase     %L - percent message lengths in this phase
      %R - percent reductions in this phase
   Total Mflop/s: 10e-6 * (sum of flop over all processors)/(max time over all processors)
------------------------------------------------------------------------------------------------------------------------
Event                Count      Time (sec)     Flop                              --- Global ---  --- Stage ----  Total
                   Max Ratio  Max     Ratio   Max  Ratio  Mess   AvgLen  Reduct  %T %F %M %L %R  %T %F %M %L %R Mflop/s
------------------------------------------------------------------------------------------------------------------------

--- Event Stage 0: Main Stage

BuildTwoSided          3 1.0 9.2659e-0318.3 0.00e+00 0.0 2.8e+01 6.0e+00 3.0e+00  0  0  0  0  0   0  0  0  0  0     0
BuildTwoSidedF         2 1.0 9.2721e-0318.8 0.00e+00 0.0 3.5e+01 2.3e+04 2.0e+00  0  0  0  0  0   0  0  0  0  0     0
VecView              802 1.0 5.4208e+00 1.0 0.00e+00 0.0 0.0e+00 0.0e+00 0.0e+00 72  0  0  0  0  72  0  0  0  0     0
VecMax                 1 1.0 1.3804e-0427.6 0.00e+00 0.0 0.0e+00 0.0e+00 1.0e+00  0  0  0  0  0   0  0  0  0  0     0
VecNorm            80002 1.0 3.4712e-01 1.5 2.00e+08 1.0 0.0e+00 0.0e+00 8.0e+04  4 17  0  0100   4 17  0  0100  4609
VecCopy                1 1.0 5.2929e-0510.6 0.00e+00 0.0 0.0e+00 0.0e+00 0.0e+00  0  0  0  0  0   0  0  0  0  0     0
VecSet                 3 1.0 6.6590e-0482.1 0.00e+00 0.0 0.0e+00 0.0e+00 0.0e+00  0  0  0  0  0   0  0  0  0  0     0
VecAXPY                1 1.0 7.8678e-06 2.8 1.25e+03 1.0 0.0e+00 0.0e+00 0.0e+00  0  0  0  0  0   0  0  0  0  0  1271
VecAXPBYCZ             1 1.0 3.0994e-05 2.4 5.00e+03 1.0 0.0e+00 0.0e+00 0.0e+00  0  0  0  0  0   0  0  0  0  0  1291
VecAssemblyBegin       1 1.0 4.7493e-04 1.8 0.00e+00 0.0 2.1e+01 5.0e+03 1.0e+00  0  0  0  0  0   0  0  0  0  0     0
VecAssemblyEnd         1 1.0 1.9193e-0461.9 0.00e+00 0.0 0.0e+00 0.0e+00 0.0e+00  0  0  0  0  0   0  0  0  0  0     0
VecLoad                1 1.0 4.1010e-03 1.2 0.00e+00 0.0 0.0e+00 0.0e+00 1.0e+00  0  0  0  0  0   0  0  0  0  0     0
VecScatterBegin    80000 1.0 2.6601e-01 2.5 0.00e+00 0.0 1.1e+06 8.0e+02 1.0e+00  2  0100100  0   2  0100100  0     0
VecScatterEnd      80000 1.0 1.1426e-01 2.0 0.00e+00 0.0 0.0e+00 0.0e+00 0.0e+00  1  0  0  0  0   1  0  0  0  0     0
MatMultAdd         80000 1.0 9.3444e-01 1.1 9.96e+08 1.0 1.1e+06 8.0e+02 1.0e+00 11 83100100  0  11 83100100  0  8493
MatAssemblyBegin       1 1.0 9.0840e-0331.3 0.00e+00 0.0 1.4e+01 5.0e+04 1.0e+00  0  0  0  0  0   0  0  0  0  0     0
MatAssemblyEnd         1 1.0 4.5612e-03 1.1 0.00e+00 0.0 0.0e+00 0.0e+00 5.0e+00  0  0  0  0  0   0  0  0  0  0     0
SFSetGraph             1 1.0 1.1921e-06 0.0 0.00e+00 0.0 0.0e+00 0.0e+00 0.0e+00  0  0  0  0  0   0  0  0  0  0     0
SFSetUp                1 1.0 1.2951e-03 3.6 0.00e+00 0.0 2.8e+01 2.0e+02 1.0e+00  0  0  0  0  0   0  0  0  0  0     0
SFPack             80000 1.0 1.8598e-02 2.1 0.00e+00 0.0 0.0e+00 0.0e+00 0.0e+00  0  0  0  0  0   0  0  0  0  0     0
SFUnpack           80000 1.0 5.3322e-03 1.1 0.00e+00 0.0 0.0e+00 0.0e+00 0.0e+00  0  0  0  0  0   0  0  0  0  0     0
------------------------------------------------------------------------------------------------------------------------

Memory usage is given in bytes:

Object Type          Creations   Destructions     Memory  Descendants' Mem.
Reports information only for process 0.

--- Event Stage 0: Main Stage

              Viewer     3              2         1616     0.
              Vector 80011          80011    940259952     0.
              Matrix     3              3       210040     0.
           Index Set     2              2         2184     0.
   Star Forest Graph     1              1         1200     0.
========================================================================================================================
Average time to get PetscTime(): 0.
Average time for MPI_Barrier(): 8.10623e-07
Average time for zero size MPI_Send(): 3.08752e-05
#PETSc Option Table entries:
-fname ../data/test01_ex.hdf5
-log_view
-maxIts 80000
-maxItsW 80000
-restart 0
#End of PETSc Option Table entries
Compiled without FORTRAN kernels
Compiled with full precision matrices (default)
sizeof(short) 2 sizeof(int) 4 sizeof(long) 8 sizeof(void*) 8 sizeof(PetscScalar) 8 sizeof(PetscInt) 4
Configure options: --with-mpi-dir=/share/intel/2018u4/compilers_and_libraries_2018.5.274/linux/mpi/intel64/ --with-blaslapack-dir=/share/intel/2018u4/compilers_and_libraries_2018.5.274/linux/mkl --with-debugging=no --prefix=/work/ese-chenph/lib/petsc-3.16.6-opt --download-hypre=/work/ese-chenph/petsc-3.16.6-extlibs/hypre-2.23.0.tar.gz --download-mumps=/work/ese-chenph/petsc-3.16.6-extlibs/petsc-pkg-mumps-6d1470374d32.tar.gz --download-metis=/work/ese-chenph/petsc-3.16.6-extlibs/petsc-pkg-metis-c8d2dc1e751e.tar.gz --download-hdf5=/work/ese-chenph/petsc-3.16.6-extlibs/hdf5-1.12.1.tar.bz2 COPTFLAGS="-O3 -march=native -mtune=native" CXXOPTFLAGS="-O3 -march=native -mtune=native" FOPTFLAGS="-O3 -march=native -mtune=native" --with-scalapack-include=/share/intel/2018u4/compilers_and_libraries_2018.5.274/linux/mkl/include --with-scalapack-lib="-L/share/intel/2018u4/compilers_and_libraries_2018.5.274/linux/mkl/lib/intel64/ -lmkl_blacs_intelmpi_lp64 -lmkl_scalapack_lp64"
-----------------------------------------
Libraries compiled on 2022-04-30 14:05:36 on login03 
Machine characteristics: Linux-3.10.0-862.el7.x86_64-x86_64-with-redhat-7.5-Maipo
Using PETSc directory: /work/ese-chenph/lib/petsc-3.16.6-opt
Using PETSc arch: 
-----------------------------------------

Using C compiler: /share/intel/2018u4/compilers_and_libraries_2018.5.274/linux/mpi/intel64/bin/mpicc  -fPIC -Wall -Wwrite-strings -Wno-strict-aliasing -Wno-unknown-pragmas -fstack-protector -fvisibility=hidden -O3 -march=native -mtune=native  -std=c99 
Using Fortran compiler: /share/intel/2018u4/compilers_and_libraries_2018.5.274/linux/mpi/intel64/bin/mpif90  -fPIC -Wall -ffree-line-length-0 -Wno-unused-dummy-argument -O3 -march=native -mtune=native     -std=c99
-----------------------------------------

Using include paths: -I/work/ese-chenph/lib/petsc-3.16.6-opt/include -I/share/intel/2018u4/compilers_and_libraries_2018.5.274/linux/mkl/include -I/share/intel/2018u4/compilers_and_libraries_2018.5.274/linux/mpi/intel64/include
-----------------------------------------

Using C linker: /share/intel/2018u4/compilers_and_libraries_2018.5.274/linux/mpi/intel64/bin/mpicc
Using Fortran linker: /share/intel/2018u4/compilers_and_libraries_2018.5.274/linux/mpi/intel64/bin/mpif90
Using libraries: -Wl,-rpath,/work/ese-chenph/lib/petsc-3.16.6-opt/lib -L/work/ese-chenph/lib/petsc-3.16.6-opt/lib -lpetsc -Wl,-rpath,/work/ese-chenph/lib/petsc-3.16.6-opt/lib -L/work/ese-chenph/lib/petsc-3.16.6-opt/lib -L/share/intel/2018u4/compilers_and_libraries_2018.5.274/linux/mkl/lib/intel64/ -Wl,-rpath,/share/intel/2018u4/compilers_and_libraries_2018.5.274/linux/mkl/lib/intel64 -L/share/intel/2018u4/compilers_and_libraries_2018.5.274/linux/mkl/lib/intel64 -Wl,-rpath,/share/intel/2018u4/compilers_and_libraries_2018.5.274/linux/mpi/intel64/lib/release_mt -L/share/intel/2018u4/compilers_and_libraries_2018.5.274/linux/mpi/intel64/lib/release_mt -Wl,-rpath,/share/intel/2018u4/compilers_and_libraries_2018.5.274/linux/mpi/intel64/lib -L/share/intel/2018u4/compilers_and_libraries_2018.5.274/linux/mpi/intel64/lib -Wl,-rpath,/usr/lib/gcc/x86_64-redhat-linux/4.8.5 -L/usr/lib/gcc/x86_64-redhat-linux/4.8.5 -Wl,-rpath,/opt/intel/mpi-rt/2017.0.0/intel64/lib/release_mt -Wl,-rpath,/opt/intel/mpi-rt/2017.0.0/intel64/lib -lHYPRE -lcmumps -ldmumps -lsmumps -lzmumps -lmumps_common -lpord -lmkl_blacs_intelmpi_lp64 -lmkl_scalapack_lp64 -lmkl_intel_lp64 -lmkl_core -lmkl_sequential -lpthread -lhdf5_hl -lhdf5 -lmetis -lm -lX11 -lstdc++ -ldl -lmpifort -lmpi -lmpigi -lrt -lpthread -lgfortran -lm -lgfortran -lm -lgcc_s -lquadmath -lstdc++ -ldl
-----------------------------------------

