Implicit iteration done.
Iteration times:30000, break tolerance:0.00284954 .
Difference to solution: 3723.41 .
---------------------------------------------------------------.
************************************************************************************************************************
***             WIDEN YOUR WINDOW TO 120 CHARACTERS.  Use 'enscript -r -fCourier9' to print this document            ***
************************************************************************************************************************

---------------------------------------------- PETSc Performance Summary: ----------------------------------------------

implicit on a  named r13n45 with 7 processors, by ese-chenph Thu Jun  9 13:17:22 2022
Using Petsc Release Version 3.16.6, Mar 30, 2022 

                         Max       Max/Min     Avg       Total
Time (sec):           4.406e+00     1.000   4.406e+00
Objects:              3.004e+04     1.000   3.004e+04
Flop:                 5.028e+09     1.006   5.019e+09  3.513e+10
Flop/sec:             1.141e+09     1.006   1.139e+09  7.974e+09
MPI Messages:         2.493e+05     2.000   2.137e+05  1.496e+06
MPI Message Lengths:  1.995e+08     1.999   8.005e+02  1.198e+09
MPI Reductions:       3.094e+05     1.000

Flop counting convention: 1 flop = 1 real number operation of type (multiply/divide/add/subtract)
                            e.g., VecAXPY() for real vectors of length N --> 2N flop
                            and VecAXPY() for complex vectors of length N --> 8N flop

Summary of Stages:   ----- Time ------  ----- Flop ------  --- Messages ---  -- Message Lengths --  -- Reductions --
                        Avg     %Total     Avg     %Total    Count   %Total     Avg         %Total    Count   %Total
 0:      Main Stage: 4.4058e+00 100.0%  3.5133e+10 100.0%  1.496e+06 100.0%  8.005e+02      100.0%  3.094e+05 100.0%

------------------------------------------------------------------------------------------------------------------------
See the 'Profiling' chapter of the users' manual for details on interpreting output.
Phase summary info:
   Count: number of times phase was executed
   Time and Flop: Max - maximum over all processors
                  Ratio - ratio of maximum to minimum over all processors
   Mess: number of messages sent
   AvgLen: average message length (bytes)
   Reduct: number of global reductions
   Global: entire computation
   Stage: stages of a computation. Set stages with PetscLogStagePush() and PetscLogStagePop().
      %T - percent time in this phase         %F - percent flop in this phase
      %M - percent messages in this phase     %L - percent message lengths in this phase
      %R - percent reductions in this phase
   Total Mflop/s: 10e-6 * (sum of flop over all processors)/(max time over all processors)
------------------------------------------------------------------------------------------------------------------------
Event                Count      Time (sec)     Flop                              --- Global ---  --- Stage ----  Total
                   Max Ratio  Max     Ratio   Max  Ratio  Mess   AvgLen  Reduct  %T %F %M %L %R  %T %F %M %L %R Mflop/s
------------------------------------------------------------------------------------------------------------------------

--- Event Stage 0: Main Stage

BuildTwoSided          3 1.0 4.7790e-0269.0 0.00e+00 0.0 2.4e+01 6.0e+00 3.0e+00  1  0  0  0  0   1  0  0  0  0     0
BuildTwoSidedF         2 1.0 4.7838e-0257.5 0.00e+00 0.0 3.0e+01 2.6e+04 2.0e+00  1  0  0  0  0   1  0  0  0  0     0
VecView               32 1.0 5.9893e-01 1.0 0.00e+00 0.0 0.0e+00 0.0e+00 0.0e+00 14  0  0  0  0  14  0  0  0  0     0
VecMax                 1 1.0 8.2970e-0521.8 0.00e+00 0.0 0.0e+00 0.0e+00 1.0e+00  0  0  0  0  0   0  0  0  0  0     0
VecMDot           124670 1.0 6.3394e-01 1.7 9.24e+08 1.0 0.0e+00 0.0e+00 1.2e+05 12 18  0  0 40  12 18  0  0 40 10198
VecNorm           184672 1.0 3.9239e-01 1.0 5.28e+08 1.0 0.0e+00 0.0e+00 1.8e+05  9 11  0  0 60   9 11  0  0 60  9413
VecScale          154670 1.0 4.2396e-02 1.1 2.21e+08 1.0 0.0e+00 0.0e+00 0.0e+00  1  4  0  0  0   1  4  0  0  0 36482
VecCopy            30001 1.0 2.0349e-02 1.1 0.00e+00 0.0 0.0e+00 0.0e+00 0.0e+00  0  0  0  0  0   0  0  0  0  0     0
VecSet             60003 1.0 1.2534e-01 1.0 0.00e+00 0.0 0.0e+00 0.0e+00 0.0e+00  3  0  0  0  0   3  0  0  0  0     0
VecAXPY            30001 1.0 1.5338e-02 1.0 8.57e+07 1.0 0.0e+00 0.0e+00 0.0e+00  0  2  0  0  0   0  2  0  0  0 39119
VecAXPBYCZ         30001 1.0 3.0345e-02 1.0 1.71e+08 1.0 0.0e+00 0.0e+00 0.0e+00  1  3  0  0  0   1  3  0  0  0 39546
VecMAXPY          154670 1.0 1.9541e-01 1.0 1.28e+09 1.0 0.0e+00 0.0e+00 0.0e+00  4 26  0  0  0   4 26  0  0  0 45853
VecAssemblyBegin       1 1.0 4.2081e-04 2.1 0.00e+00 0.0 1.8e+01 5.7e+03 1.0e+00  0  0  0  0  0   0  0  0  0  0     0
VecAssemblyEnd         1 1.0 1.7500e-04 2.8 0.00e+00 0.0 0.0e+00 0.0e+00 0.0e+00  0  0  0  0  0   0  0  0  0  0     0
VecPointwiseMult  154670 1.0 1.3695e-01 1.0 2.21e+08 1.0 0.0e+00 0.0e+00 0.0e+00  3  4  0  0  0   3  4  0  0  0 11294
VecLoad                1 1.0 3.3519e-03 1.1 0.00e+00 0.0 0.0e+00 0.0e+00 1.0e+00  0  0  0  0  0   0  0  0  0  0     0
VecScatterBegin   124670 1.0 5.1961e-01 2.7 0.00e+00 0.0 1.5e+06 8.0e+02 1.0e+00  7  0100100  0   7  0100100  0     0
VecScatterEnd     124670 1.0 2.0264e-01 2.1 0.00e+00 0.0 0.0e+00 0.0e+00 0.0e+00  3  0  0  0  0   3  0  0  0  0     0
VecNormalize      154670 1.0 4.0157e-01 1.0 6.63e+08 1.0 0.0e+00 0.0e+00 1.5e+05  9 13  0  0 50   9 13  0  0 50 11555
MatMult           124670 1.0 1.7775e+00 1.2 1.60e+09 1.0 1.5e+06 8.0e+02 1.0e+00 37 32100100  0  37 32100100  0  6256
MatAssemblyBegin       1 1.0 4.7696e-0282.5 0.00e+00 0.0 1.2e+01 5.7e+04 1.0e+00  1  0  0  0  0   1  0  0  0  0     0
MatAssemblyEnd         1 1.0 3.5729e-03 1.1 0.00e+00 0.0 0.0e+00 0.0e+00 5.0e+00  0  0  0  0  0   0  0  0  0  0     0
SFSetGraph             1 1.0 1.1921e-06 0.0 0.00e+00 0.0 0.0e+00 0.0e+00 0.0e+00  0  0  0  0  0   0  0  0  0  0     0
SFSetUp                1 1.0 6.6304e-04 2.5 0.00e+00 0.0 2.4e+01 2.0e+02 1.0e+00  0  0  0  0  0   0  0  0  0  0     0
SFPack            124670 1.0 3.1742e-02 1.9 0.00e+00 0.0 0.0e+00 0.0e+00 0.0e+00  1  0  0  0  0   1  0  0  0  0     0
SFUnpack          124670 1.0 1.1395e-02 1.2 0.00e+00 0.0 0.0e+00 0.0e+00 0.0e+00  0  0  0  0  0   0  0  0  0  0     0
KSPSetUp               1 1.0 3.9697e-04 5.9 0.00e+00 0.0 0.0e+00 0.0e+00 0.0e+00  0  0  0  0  0   0  0  0  0  0     0
KSPSolve           30000 1.0 3.2643e+00 1.0 4.77e+09 1.0 1.5e+06 8.0e+02 2.8e+05 74 95100100 90  74 95100100 90 10211
KSPGMRESOrthog    124670 1.0 8.2421e-01 1.5 1.85e+09 1.0 0.0e+00 0.0e+00 1.2e+05 16 37  0  0 40  16 37  0  0 40 15690
PCSetUp                1 1.0 4.0531e-06 2.1 0.00e+00 0.0 0.0e+00 0.0e+00 0.0e+00  0  0  0  0  0   0  0  0  0  0     0
PCApply           154670 1.0 1.6504e-01 1.0 2.21e+08 1.0 0.0e+00 0.0e+00 2.0e+00  4  4  0  0  0   4  4  0  0  0  9372
------------------------------------------------------------------------------------------------------------------------

Memory usage is given in bytes:

Object Type          Creations   Destructions     Memory  Descendants' Mem.
Reports information only for process 0.

--- Event Stage 0: Main Stage

              Viewer     3              1          808     0.
              Vector 30027          30008    395602616     0.
              Matrix     3              0            0     0.
           Index Set     2              2         2184     0.
   Star Forest Graph     3              0            0     0.
       Krylov Solver     1              0            0     0.
      Preconditioner     1              0            0     0.
    Distributed Mesh     1              0            0     0.
     Discrete System     1              0            0     0.
           Weak Form     1              0            0     0.
========================================================================================================================
Average time to get PetscTime(): 0.
Average time for MPI_Barrier(): 1.19209e-06
Average time for zero size MPI_Send(): 8.14029e-06
#PETSc Option Table entries:
-fname ../data/test01_im.hdf5
-log_view
-maxIts 30000
-maxItsW 30000
-ps 1000
-restart 0
-tol 1e-20
#End of PETSc Option Table entries
Compiled without FORTRAN kernels
Compiled with full precision matrices (default)
sizeof(short) 2 sizeof(int) 4 sizeof(long) 8 sizeof(void*) 8 sizeof(PetscScalar) 8 sizeof(PetscInt) 4
Configure options: --with-mpi-dir=/share/intel/2018u4/compilers_and_libraries_2018.5.274/linux/mpi/intel64/ --with-blaslapack-dir=/share/intel/2018u4/compilers_and_libraries_2018.5.274/linux/mkl --with-debugging=no --prefix=/work/ese-chenph/lib/petsc-3.16.6-opt --download-hypre=/work/ese-chenph/petsc-3.16.6-extlibs/hypre-2.23.0.tar.gz --download-mumps=/work/ese-chenph/petsc-3.16.6-extlibs/petsc-pkg-mumps-6d1470374d32.tar.gz --download-metis=/work/ese-chenph/petsc-3.16.6-extlibs/petsc-pkg-metis-c8d2dc1e751e.tar.gz --download-hdf5=/work/ese-chenph/petsc-3.16.6-extlibs/hdf5-1.12.1.tar.bz2 COPTFLAGS="-O3 -march=native -mtune=native" CXXOPTFLAGS="-O3 -march=native -mtune=native" FOPTFLAGS="-O3 -march=native -mtune=native" --with-scalapack-include=/share/intel/2018u4/compilers_and_libraries_2018.5.274/linux/mkl/include --with-scalapack-lib="-L/share/intel/2018u4/compilers_and_libraries_2018.5.274/linux/mkl/lib/intel64/ -lmkl_blacs_intelmpi_lp64 -lmkl_scalapack_lp64"
-----------------------------------------
Libraries compiled on 2022-04-30 14:05:36 on login03 
Machine characteristics: Linux-3.10.0-862.el7.x86_64-x86_64-with-redhat-7.5-Maipo
Using PETSc directory: /work/ese-chenph/lib/petsc-3.16.6-opt
Using PETSc arch: 
-----------------------------------------

Using C compiler: /share/intel/2018u4/compilers_and_libraries_2018.5.274/linux/mpi/intel64/bin/mpicc  -fPIC -Wall -Wwrite-strings -Wno-strict-aliasing -Wno-unknown-pragmas -fstack-protector -fvisibility=hidden -O3 -march=native -mtune=native  -std=c99 
Using Fortran compiler: /share/intel/2018u4/compilers_and_libraries_2018.5.274/linux/mpi/intel64/bin/mpif90  -fPIC -Wall -ffree-line-length-0 -Wno-unused-dummy-argument -O3 -march=native -mtune=native     -std=c99
-----------------------------------------

Using include paths: -I/work/ese-chenph/lib/petsc-3.16.6-opt/include -I/share/intel/2018u4/compilers_and_libraries_2018.5.274/linux/mkl/include -I/share/intel/2018u4/compilers_and_libraries_2018.5.274/linux/mpi/intel64/include
-----------------------------------------

Using C linker: /share/intel/2018u4/compilers_and_libraries_2018.5.274/linux/mpi/intel64/bin/mpicc
Using Fortran linker: /share/intel/2018u4/compilers_and_libraries_2018.5.274/linux/mpi/intel64/bin/mpif90
Using libraries: -Wl,-rpath,/work/ese-chenph/lib/petsc-3.16.6-opt/lib -L/work/ese-chenph/lib/petsc-3.16.6-opt/lib -lpetsc -Wl,-rpath,/work/ese-chenph/lib/petsc-3.16.6-opt/lib -L/work/ese-chenph/lib/petsc-3.16.6-opt/lib -L/share/intel/2018u4/compilers_and_libraries_2018.5.274/linux/mkl/lib/intel64/ -Wl,-rpath,/share/intel/2018u4/compilers_and_libraries_2018.5.274/linux/mkl/lib/intel64 -L/share/intel/2018u4/compilers_and_libraries_2018.5.274/linux/mkl/lib/intel64 -Wl,-rpath,/share/intel/2018u4/compilers_and_libraries_2018.5.274/linux/mpi/intel64/lib/release_mt -L/share/intel/2018u4/compilers_and_libraries_2018.5.274/linux/mpi/intel64/lib/release_mt -Wl,-rpath,/share/intel/2018u4/compilers_and_libraries_2018.5.274/linux/mpi/intel64/lib -L/share/intel/2018u4/compilers_and_libraries_2018.5.274/linux/mpi/intel64/lib -Wl,-rpath,/usr/lib/gcc/x86_64-redhat-linux/4.8.5 -L/usr/lib/gcc/x86_64-redhat-linux/4.8.5 -Wl,-rpath,/opt/intel/mpi-rt/2017.0.0/intel64/lib/release_mt -Wl,-rpath,/opt/intel/mpi-rt/2017.0.0/intel64/lib -lHYPRE -lcmumps -ldmumps -lsmumps -lzmumps -lmumps_common -lpord -lmkl_blacs_intelmpi_lp64 -lmkl_scalapack_lp64 -lmkl_intel_lp64 -lmkl_core -lmkl_sequential -lpthread -lhdf5_hl -lhdf5 -lmetis -lm -lX11 -lstdc++ -ldl -lmpifort -lmpi -lmpigi -lrt -lpthread -lgfortran -lm -lgfortran -lm -lgcc_s -lquadmath -lstdc++ -ldl
-----------------------------------------

