Implicit iteration done.
Iteration times:20000, break tolerance:0.00374727 .
Difference to solution: 5524.54 .
---------------------------------------------------------------.
************************************************************************************************************************
***             WIDEN YOUR WINDOW TO 120 CHARACTERS.  Use 'enscript -r -fCourier9' to print this document            ***
************************************************************************************************************************

---------------------------------------------- PETSc Performance Summary: ----------------------------------------------

implicit on a  named r13n45 with 3 processors, by ese-chenph Thu Jun  9 13:14:43 2022
Using Petsc Release Version 3.16.6, Mar 30, 2022 

                         Max       Max/Min     Avg       Total
Time (sec):           4.731e+00     1.000   4.731e+00
Objects:              2.004e+04     1.000   2.004e+04
Flop:                 7.999e+09     1.002   7.989e+09  2.397e+10
Flop/sec:             1.691e+09     1.002   1.689e+09  5.066e+09
MPI Messages:         1.693e+05     2.000   1.129e+05  3.387e+05
MPI Message Lengths:  1.356e+08     1.998   8.018e+02  2.716e+08
MPI Reductions:       2.094e+05     1.000

Flop counting convention: 1 flop = 1 real number operation of type (multiply/divide/add/subtract)
                            e.g., VecAXPY() for real vectors of length N --> 2N flop
                            and VecAXPY() for complex vectors of length N --> 8N flop

Summary of Stages:   ----- Time ------  ----- Flop ------  --- Messages ---  -- Message Lengths --  -- Reductions --
                        Avg     %Total     Avg     %Total    Count   %Total     Avg         %Total    Count   %Total
 0:      Main Stage: 4.7312e+00 100.0%  2.3966e+10 100.0%  3.387e+05 100.0%  8.018e+02      100.0%  2.094e+05 100.0%

------------------------------------------------------------------------------------------------------------------------
See the 'Profiling' chapter of the users' manual for details on interpreting output.
Phase summary info:
   Count: number of times phase was executed
   Time and Flop: Max - maximum over all processors
                  Ratio - ratio of maximum to minimum over all processors
   Mess: number of messages sent
   AvgLen: average message length (bytes)
   Reduct: number of global reductions
   Global: entire computation
   Stage: stages of a computation. Set stages with PetscLogStagePush() and PetscLogStagePop().
      %T - percent time in this phase         %F - percent flop in this phase
      %M - percent messages in this phase     %L - percent message lengths in this phase
      %R - percent reductions in this phase
   Total Mflop/s: 10e-6 * (sum of flop over all processors)/(max time over all processors)
------------------------------------------------------------------------------------------------------------------------
Event                Count      Time (sec)     Flop                              --- Global ---  --- Stage ----  Total
                   Max Ratio  Max     Ratio   Max  Ratio  Mess   AvgLen  Reduct  %T %F %M %L %R  %T %F %M %L %R Mflop/s
------------------------------------------------------------------------------------------------------------------------

--- Event Stage 0: Main Stage

BuildTwoSided          3 1.0 5.5495e-02377.9 0.00e+00 0.0 8.0e+00 6.0e+00 3.0e+00  1  0  0  0  0   1  0  0  0  0     0
BuildTwoSidedF         2 1.0 5.5539e-02227.5 0.00e+00 0.0 1.0e+01 6.1e+04 2.0e+00  1  0  0  0  0   1  0  0  0  0     0
VecView               22 1.0 3.3170e-01 1.0 0.00e+00 0.0 0.0e+00 0.0e+00 0.0e+00  7  0  0  0  0   7  0  0  0  0     0
VecMax                 1 1.0 3.8862e-05 2.3 0.00e+00 0.0 0.0e+00 0.0e+00 1.0e+00  0  0  0  0  0   0  0  0  0  0     0
VecMDot            84670 1.0 5.6648e-01 1.5 1.49e+09 1.0 0.0e+00 0.0e+00 8.5e+04 10 19  0  0 40  10 19  0  0 40  7884
VecNorm           124672 1.0 2.7171e-01 1.1 8.31e+08 1.0 0.0e+00 0.0e+00 1.2e+05  5 10  0  0 60   5 10  0  0 60  9177
VecScale          104670 1.0 5.3975e-02 1.1 3.49e+08 1.0 0.0e+00 0.0e+00 0.0e+00  1  4  0  0  0   1  4  0  0  0 19392
VecCopy            20001 1.0 2.8129e-02 1.0 0.00e+00 0.0 0.0e+00 0.0e+00 0.0e+00  1  0  0  0  0   1  0  0  0  0     0
VecSet             40003 1.0 1.9490e-01 1.0 0.00e+00 0.0 0.0e+00 0.0e+00 0.0e+00  4  0  0  0  0   4  0  0  0  0     0
VecAXPY            20001 1.0 2.2612e-02 1.0 1.33e+08 1.0 0.0e+00 0.0e+00 0.0e+00  0  2  0  0  0   0  2  0  0  0 17690
VecAXPBYCZ         20001 1.0 4.4804e-02 1.0 2.67e+08 1.0 0.0e+00 0.0e+00 0.0e+00  1  3  0  0  0   1  3  0  0  0 17857
VecMAXPY          104670 1.0 3.0038e-01 1.0 2.05e+09 1.0 0.0e+00 0.0e+00 0.0e+00  6 26  0  0  0   6 26  0  0  0 20508
VecAssemblyBegin       1 1.0 2.0695e-04 1.3 0.00e+00 0.0 6.0e+00 1.3e+04 1.0e+00  0  0  0  0  0   0  0  0  0  0     0
VecAssemblyEnd         1 1.0 8.2970e-0538.7 0.00e+00 0.0 0.0e+00 0.0e+00 0.0e+00  0  0  0  0  0   0  0  0  0  0     0
VecPointwiseMult  104670 1.0 2.0092e-01 1.1 3.49e+08 1.0 0.0e+00 0.0e+00 0.0e+00  4  4  0  0  0   4  4  0  0  0  5209
VecLoad                1 1.0 2.0530e-03 1.0 0.00e+00 0.0 0.0e+00 0.0e+00 1.0e+00  0  0  0  0  0   0  0  0  0  0     0
VecScatterBegin    84670 1.0 3.7602e-01 2.4 0.00e+00 0.0 3.4e+05 8.0e+02 1.0e+00  6  0100100  0   6  0100100  0     0
VecScatterEnd      84670 1.0 1.1381e-01 1.4 0.00e+00 0.0 0.0e+00 0.0e+00 0.0e+00  2  0  0  0  0   2  0  0  0  0     0
VecNormalize      104670 1.0 3.0393e-01 1.0 1.05e+09 1.0 0.0e+00 0.0e+00 1.0e+05  6 13  0  0 50   6 13  0  0 50 10332
MatMult            84670 1.0 2.2477e+00 1.1 2.53e+09 1.0 3.4e+05 8.0e+02 1.0e+00 46 32100100  0  46 32100100  0  3360
MatAssemblyBegin       1 1.0 5.5483e-0222.3 0.00e+00 0.0 4.0e+00 1.3e+05 1.0e+00  1  0  0  0  0   1  0  0  0  0     0
MatAssemblyEnd         1 1.0 2.5909e-03 1.0 0.00e+00 0.0 0.0e+00 0.0e+00 5.0e+00  0  0  0  0  0   0  0  0  0  0     0
SFSetGraph             1 1.0 9.5367e-07 0.0 0.00e+00 0.0 0.0e+00 0.0e+00 0.0e+00  0  0  0  0  0   0  0  0  0  0     0
SFSetUp                1 1.0 3.1090e-04 1.2 0.00e+00 0.0 8.0e+00 2.0e+02 1.0e+00  0  0  0  0  0   0  0  0  0  0     0
SFPack             84670 1.0 2.1983e-02 1.9 0.00e+00 0.0 0.0e+00 0.0e+00 0.0e+00  0  0  0  0  0   0  0  0  0  0     0
SFUnpack           84670 1.0 6.8283e-03 1.0 0.00e+00 0.0 0.0e+00 0.0e+00 0.0e+00  0  0  0  0  0   0  0  0  0  0     0
KSPSetUp               1 1.0 2.0909e-04 1.4 0.00e+00 0.0 0.0e+00 0.0e+00 0.0e+00  0  0  0  0  0   0  0  0  0  0     0
KSPSolve           20000 1.0 3.8270e+00 1.0 7.60e+09 1.0 3.4e+05 8.0e+02 1.9e+05 81 95100100 90  81 95100100 90  5949
KSPGMRESOrthog     84670 1.0 8.1665e-01 1.3 2.98e+09 1.0 0.0e+00 0.0e+00 8.5e+04 15 37  0  0 40  15 37  0  0 40 10939
PCSetUp                1 1.0 4.0531e-06 1.4 0.00e+00 0.0 0.0e+00 0.0e+00 0.0e+00  0  0  0  0  0   0  0  0  0  0     0
PCApply           104670 1.0 2.2005e-01 1.1 3.49e+08 1.0 0.0e+00 0.0e+00 2.0e+00  5  4  0  0  0   5  4  0  0  0  4757
------------------------------------------------------------------------------------------------------------------------

Memory usage is given in bytes:

Object Type          Creations   Destructions     Memory  Descendants' Mem.
Reports information only for process 0.

--- Event Stage 0: Main Stage

              Viewer     3              1          808     0.
              Vector 20027          20008    568654056     0.
              Matrix     3              0            0     0.
           Index Set     2              2         2184     0.
   Star Forest Graph     3              0            0     0.
       Krylov Solver     1              0            0     0.
      Preconditioner     1              0            0     0.
    Distributed Mesh     1              0            0     0.
     Discrete System     1              0            0     0.
           Weak Form     1              0            0     0.
========================================================================================================================
Average time to get PetscTime(): 0.
Average time for MPI_Barrier(): 8.10623e-07
Average time for zero size MPI_Send(): 1.50204e-05
#PETSc Option Table entries:
-fname ../data/test01_im.hdf5
-log_view
-maxIts 20000
-maxItsW 20000
-ps 1000
-restart 0
-tol 1e-20
#End of PETSc Option Table entries
Compiled without FORTRAN kernels
Compiled with full precision matrices (default)
sizeof(short) 2 sizeof(int) 4 sizeof(long) 8 sizeof(void*) 8 sizeof(PetscScalar) 8 sizeof(PetscInt) 4
Configure options: --with-mpi-dir=/share/intel/2018u4/compilers_and_libraries_2018.5.274/linux/mpi/intel64/ --with-blaslapack-dir=/share/intel/2018u4/compilers_and_libraries_2018.5.274/linux/mkl --with-debugging=no --prefix=/work/ese-chenph/lib/petsc-3.16.6-opt --download-hypre=/work/ese-chenph/petsc-3.16.6-extlibs/hypre-2.23.0.tar.gz --download-mumps=/work/ese-chenph/petsc-3.16.6-extlibs/petsc-pkg-mumps-6d1470374d32.tar.gz --download-metis=/work/ese-chenph/petsc-3.16.6-extlibs/petsc-pkg-metis-c8d2dc1e751e.tar.gz --download-hdf5=/work/ese-chenph/petsc-3.16.6-extlibs/hdf5-1.12.1.tar.bz2 COPTFLAGS="-O3 -march=native -mtune=native" CXXOPTFLAGS="-O3 -march=native -mtune=native" FOPTFLAGS="-O3 -march=native -mtune=native" --with-scalapack-include=/share/intel/2018u4/compilers_and_libraries_2018.5.274/linux/mkl/include --with-scalapack-lib="-L/share/intel/2018u4/compilers_and_libraries_2018.5.274/linux/mkl/lib/intel64/ -lmkl_blacs_intelmpi_lp64 -lmkl_scalapack_lp64"
-----------------------------------------
Libraries compiled on 2022-04-30 14:05:36 on login03 
Machine characteristics: Linux-3.10.0-862.el7.x86_64-x86_64-with-redhat-7.5-Maipo
Using PETSc directory: /work/ese-chenph/lib/petsc-3.16.6-opt
Using PETSc arch: 
-----------------------------------------

Using C compiler: /share/intel/2018u4/compilers_and_libraries_2018.5.274/linux/mpi/intel64/bin/mpicc  -fPIC -Wall -Wwrite-strings -Wno-strict-aliasing -Wno-unknown-pragmas -fstack-protector -fvisibility=hidden -O3 -march=native -mtune=native  -std=c99 
Using Fortran compiler: /share/intel/2018u4/compilers_and_libraries_2018.5.274/linux/mpi/intel64/bin/mpif90  -fPIC -Wall -ffree-line-length-0 -Wno-unused-dummy-argument -O3 -march=native -mtune=native     -std=c99
-----------------------------------------

Using include paths: -I/work/ese-chenph/lib/petsc-3.16.6-opt/include -I/share/intel/2018u4/compilers_and_libraries_2018.5.274/linux/mkl/include -I/share/intel/2018u4/compilers_and_libraries_2018.5.274/linux/mpi/intel64/include
-----------------------------------------

Using C linker: /share/intel/2018u4/compilers_and_libraries_2018.5.274/linux/mpi/intel64/bin/mpicc
Using Fortran linker: /share/intel/2018u4/compilers_and_libraries_2018.5.274/linux/mpi/intel64/bin/mpif90
Using libraries: -Wl,-rpath,/work/ese-chenph/lib/petsc-3.16.6-opt/lib -L/work/ese-chenph/lib/petsc-3.16.6-opt/lib -lpetsc -Wl,-rpath,/work/ese-chenph/lib/petsc-3.16.6-opt/lib -L/work/ese-chenph/lib/petsc-3.16.6-opt/lib -L/share/intel/2018u4/compilers_and_libraries_2018.5.274/linux/mkl/lib/intel64/ -Wl,-rpath,/share/intel/2018u4/compilers_and_libraries_2018.5.274/linux/mkl/lib/intel64 -L/share/intel/2018u4/compilers_and_libraries_2018.5.274/linux/mkl/lib/intel64 -Wl,-rpath,/share/intel/2018u4/compilers_and_libraries_2018.5.274/linux/mpi/intel64/lib/release_mt -L/share/intel/2018u4/compilers_and_libraries_2018.5.274/linux/mpi/intel64/lib/release_mt -Wl,-rpath,/share/intel/2018u4/compilers_and_libraries_2018.5.274/linux/mpi/intel64/lib -L/share/intel/2018u4/compilers_and_libraries_2018.5.274/linux/mpi/intel64/lib -Wl,-rpath,/usr/lib/gcc/x86_64-redhat-linux/4.8.5 -L/usr/lib/gcc/x86_64-redhat-linux/4.8.5 -Wl,-rpath,/opt/intel/mpi-rt/2017.0.0/intel64/lib/release_mt -Wl,-rpath,/opt/intel/mpi-rt/2017.0.0/intel64/lib -lHYPRE -lcmumps -ldmumps -lsmumps -lzmumps -lmumps_common -lpord -lmkl_blacs_intelmpi_lp64 -lmkl_scalapack_lp64 -lmkl_intel_lp64 -lmkl_core -lmkl_sequential -lpthread -lhdf5_hl -lhdf5 -lmetis -lm -lX11 -lstdc++ -ldl -lmpifort -lmpi -lmpigi -lrt -lpthread -lgfortran -lm -lgfortran -lm -lgcc_s -lquadmath -lstdc++ -ldl
-----------------------------------------

