Implicit iteration done.
Iteration times:60000, break tolerance:0.000898043 .
Difference to solution: 1142.12 .
---------------------------------------------------------------.
************************************************************************************************************************
***             WIDEN YOUR WINDOW TO 120 CHARACTERS.  Use 'enscript -r -fCourier9' to print this document            ***
************************************************************************************************************************

---------------------------------------------- PETSc Performance Summary: ----------------------------------------------

implicit on a  named r13n46 with 6 processors, by ese-chenph Thu Jun  9 13:37:48 2022
Using Petsc Release Version 3.16.6, Mar 30, 2022 

                         Max       Max/Min     Avg       Total
Time (sec):           9.073e+00     1.000   9.073e+00
Objects:              6.004e+04     1.000   6.004e+04
Flop:                 1.146e+10     1.005   1.144e+10  6.864e+10
Flop/sec:             1.263e+09     1.005   1.261e+09  7.565e+09
MPI Messages:         4.893e+05     2.000   4.078e+05  2.447e+06
MPI Message Lengths:  3.915e+08     2.000   8.003e+02  1.958e+09
MPI Reductions:       6.094e+05     1.000

Flop counting convention: 1 flop = 1 real number operation of type (multiply/divide/add/subtract)
                            e.g., VecAXPY() for real vectors of length N --> 2N flop
                            and VecAXPY() for complex vectors of length N --> 8N flop

Summary of Stages:   ----- Time ------  ----- Flop ------  --- Messages ---  -- Message Lengths --  -- Reductions --
                        Avg     %Total     Avg     %Total    Count   %Total     Avg         %Total    Count   %Total
 0:      Main Stage: 9.0730e+00 100.0%  6.8635e+10 100.0%  2.447e+06 100.0%  8.003e+02      100.0%  6.094e+05 100.0%

------------------------------------------------------------------------------------------------------------------------
See the 'Profiling' chapter of the users' manual for details on interpreting output.
Phase summary info:
   Count: number of times phase was executed
   Time and Flop: Max - maximum over all processors
                  Ratio - ratio of maximum to minimum over all processors
   Mess: number of messages sent
   AvgLen: average message length (bytes)
   Reduct: number of global reductions
   Global: entire computation
   Stage: stages of a computation. Set stages with PetscLogStagePush() and PetscLogStagePop().
      %T - percent time in this phase         %F - percent flop in this phase
      %M - percent messages in this phase     %L - percent message lengths in this phase
      %R - percent reductions in this phase
   Total Mflop/s: 10e-6 * (sum of flop over all processors)/(max time over all processors)
------------------------------------------------------------------------------------------------------------------------
Event                Count      Time (sec)     Flop                              --- Global ---  --- Stage ----  Total
                   Max Ratio  Max     Ratio   Max  Ratio  Mess   AvgLen  Reduct  %T %F %M %L %R  %T %F %M %L %R Mflop/s
------------------------------------------------------------------------------------------------------------------------

--- Event Stage 0: Main Stage

BuildTwoSided          3 1.0 1.0593e-01207.6 0.00e+00 0.0 2.0e+01 6.0e+00 3.0e+00  1  0  0  0  0   1  0  0  0  0     0
BuildTwoSidedF         2 1.0 1.0635e-01193.4 0.00e+00 0.0 2.5e+01 3.0e+04 2.0e+00  1  0  0  0  0   1  0  0  0  0     0
VecView               62 1.0 8.7931e-01 1.0 0.00e+00 0.0 0.0e+00 0.0e+00 0.0e+00 10  0  0  0  0  10  0  0  0  0     0
VecMax                 1 1.0 8.9884e-05 9.9 0.00e+00 0.0 0.0e+00 0.0e+00 1.0e+00  0  0  0  0  0   0  0  0  0  0     0
VecMDot           244670 1.0 1.2880e+00 1.6 2.08e+09 1.0 0.0e+00 0.0e+00 2.4e+05 12 18  0  0 40  12 18  0  0 40  9676
VecNorm           364672 1.0 7.7706e-01 1.2 1.22e+09 1.0 0.0e+00 0.0e+00 3.6e+05  8 11  0  0 60   8 11  0  0 60  9386
VecScale          304670 1.0 9.5950e-02 1.2 5.08e+08 1.0 0.0e+00 0.0e+00 0.0e+00  1  4  0  0  0   1  4  0  0  0 31753
VecCopy            60001 1.0 4.9173e-02 1.1 0.00e+00 0.0 0.0e+00 0.0e+00 0.0e+00  1  0  0  0  0   1  0  0  0  0     0
VecSet            120003 1.0 3.7069e-01 1.0 0.00e+00 0.0 0.0e+00 0.0e+00 0.0e+00  4  0  0  0  0   4  0  0  0  0     0
VecAXPY            60001 1.0 3.6121e-02 1.1 2.00e+08 1.0 0.0e+00 0.0e+00 0.0e+00  0  2  0  0  0   0  2  0  0  0 33222
VecAXPBYCZ         60001 1.0 7.0781e-02 1.0 4.00e+08 1.0 0.0e+00 0.0e+00 0.0e+00  1  3  0  0  0   1  3  0  0  0 33908
VecMAXPY          304670 1.0 4.2202e-01 1.0 2.89e+09 1.0 0.0e+00 0.0e+00 0.0e+00  5 25  0  0  0   5 25  0  0  0 41136
VecAssemblyBegin       1 1.0 4.1008e-04 1.5 0.00e+00 0.0 1.5e+01 6.7e+03 1.0e+00  0  0  0  0  0   0  0  0  0  0     0
VecAssemblyEnd         1 1.0 1.3804e-04 2.1 0.00e+00 0.0 0.0e+00 0.0e+00 0.0e+00  0  0  0  0  0   0  0  0  0  0     0
VecPointwiseMult  304670 1.0 2.9950e-01 1.0 5.08e+08 1.0 0.0e+00 0.0e+00 0.0e+00  3  4  0  0  0   3  4  0  0  0 10173
VecLoad                1 1.0 3.0270e-03 1.1 0.00e+00 0.0 0.0e+00 0.0e+00 1.0e+00  0  0  0  0  0   0  0  0  0  0     0
VecScatterBegin   244670 1.0 9.5971e-01 2.4 0.00e+00 0.0 2.4e+06 8.0e+02 1.0e+00  7  0100100  0   7  0100100  0     0
VecScatterEnd     244670 1.0 3.5313e-01 1.8 0.00e+00 0.0 0.0e+00 0.0e+00 0.0e+00  3  0  0  0  0   3  0  0  0  0     0
VecNormalize      304670 1.0 8.3452e-01 1.1 1.52e+09 1.0 0.0e+00 0.0e+00 3.0e+05  9 13  0  0 50   9 13  0  0 50 10953
MatMult           244670 1.0 3.7909e+00 1.1 3.66e+09 1.0 2.4e+06 8.0e+02 1.0e+00 39 32100100  0  39 32100100  0  5757
MatAssemblyBegin       1 1.0 1.0882e-01308.2 0.00e+00 0.0 1.0e+01 6.6e+04 1.0e+00  1  0  0  0  0   1  0  0  0  0     0
MatAssemblyEnd         1 1.0 2.6331e-03 1.1 0.00e+00 0.0 0.0e+00 0.0e+00 5.0e+00  0  0  0  0  0   0  0  0  0  0     0
SFSetGraph             1 1.0 1.1921e-06 0.0 0.00e+00 0.0 0.0e+00 0.0e+00 0.0e+00  0  0  0  0  0   0  0  0  0  0     0
SFSetUp                1 1.0 5.7602e-04 3.0 0.00e+00 0.0 2.0e+01 2.0e+02 1.0e+00  0  0  0  0  0   0  0  0  0  0     0
SFPack            244670 1.0 6.4965e-02 2.0 0.00e+00 0.0 0.0e+00 0.0e+00 0.0e+00  1  0  0  0  0   1  0  0  0  0     0
SFUnpack          244670 1.0 2.2249e-02 1.2 0.00e+00 0.0 0.0e+00 0.0e+00 0.0e+00  0  0  0  0  0   0  0  0  0  0     0
KSPSetUp               1 1.0 3.2091e-04 4.2 0.00e+00 0.0 0.0e+00 0.0e+00 0.0e+00  0  0  0  0  0   0  0  0  0  0     0
KSPSolve           60000 1.0 7.0701e+00 1.0 1.09e+10 1.0 2.4e+06 8.0e+02 5.5e+05 78 95100100 90  78 95100100 90  9199
KSPGMRESOrthog    244670 1.0 1.6993e+00 1.4 4.16e+09 1.0 0.0e+00 0.0e+00 2.4e+05 17 36  0  0 40  17 36  0  0 40 14671
PCSetUp                1 1.0 4.0531e-06 2.1 0.00e+00 0.0 0.0e+00 0.0e+00 0.0e+00  0  0  0  0  0   0  0  0  0  0     0
PCApply           304670 1.0 3.5508e-01 1.0 5.08e+08 1.0 0.0e+00 0.0e+00 2.0e+00  4  4  0  0  0   4  4  0  0  0  8580
------------------------------------------------------------------------------------------------------------------------

Memory usage is given in bytes:

Object Type          Creations   Destructions     Memory  Descendants' Mem.
Reports information only for process 0.

--- Event Stage 0: Main Stage

              Viewer     3              1          808     0.
              Vector 60027          60008    905374040     0.
              Matrix     3              0            0     0.
           Index Set     2              2         2184     0.
   Star Forest Graph     3              0            0     0.
       Krylov Solver     1              0            0     0.
      Preconditioner     1              0            0     0.
    Distributed Mesh     1              0            0     0.
     Discrete System     1              0            0     0.
           Weak Form     1              0            0     0.
========================================================================================================================
Average time to get PetscTime(): 0.
Average time for MPI_Barrier(): 1.00136e-06
Average time for zero size MPI_Send(): 1.69675e-05
#PETSc Option Table entries:
-fname ../data/test01_im.hdf5
-log_view
-maxIts 60000
-maxItsW 60000
-ps 1000
-restart 0
-tol 1e-20
#End of PETSc Option Table entries
Compiled without FORTRAN kernels
Compiled with full precision matrices (default)
sizeof(short) 2 sizeof(int) 4 sizeof(long) 8 sizeof(void*) 8 sizeof(PetscScalar) 8 sizeof(PetscInt) 4
Configure options: --with-mpi-dir=/share/intel/2018u4/compilers_and_libraries_2018.5.274/linux/mpi/intel64/ --with-blaslapack-dir=/share/intel/2018u4/compilers_and_libraries_2018.5.274/linux/mkl --with-debugging=no --prefix=/work/ese-chenph/lib/petsc-3.16.6-opt --download-hypre=/work/ese-chenph/petsc-3.16.6-extlibs/hypre-2.23.0.tar.gz --download-mumps=/work/ese-chenph/petsc-3.16.6-extlibs/petsc-pkg-mumps-6d1470374d32.tar.gz --download-metis=/work/ese-chenph/petsc-3.16.6-extlibs/petsc-pkg-metis-c8d2dc1e751e.tar.gz --download-hdf5=/work/ese-chenph/petsc-3.16.6-extlibs/hdf5-1.12.1.tar.bz2 COPTFLAGS="-O3 -march=native -mtune=native" CXXOPTFLAGS="-O3 -march=native -mtune=native" FOPTFLAGS="-O3 -march=native -mtune=native" --with-scalapack-include=/share/intel/2018u4/compilers_and_libraries_2018.5.274/linux/mkl/include --with-scalapack-lib="-L/share/intel/2018u4/compilers_and_libraries_2018.5.274/linux/mkl/lib/intel64/ -lmkl_blacs_intelmpi_lp64 -lmkl_scalapack_lp64"
-----------------------------------------
Libraries compiled on 2022-04-30 14:05:36 on login03 
Machine characteristics: Linux-3.10.0-862.el7.x86_64-x86_64-with-redhat-7.5-Maipo
Using PETSc directory: /work/ese-chenph/lib/petsc-3.16.6-opt
Using PETSc arch: 
-----------------------------------------

Using C compiler: /share/intel/2018u4/compilers_and_libraries_2018.5.274/linux/mpi/intel64/bin/mpicc  -fPIC -Wall -Wwrite-strings -Wno-strict-aliasing -Wno-unknown-pragmas -fstack-protector -fvisibility=hidden -O3 -march=native -mtune=native  -std=c99 
Using Fortran compiler: /share/intel/2018u4/compilers_and_libraries_2018.5.274/linux/mpi/intel64/bin/mpif90  -fPIC -Wall -ffree-line-length-0 -Wno-unused-dummy-argument -O3 -march=native -mtune=native     -std=c99
-----------------------------------------

Using include paths: -I/work/ese-chenph/lib/petsc-3.16.6-opt/include -I/share/intel/2018u4/compilers_and_libraries_2018.5.274/linux/mkl/include -I/share/intel/2018u4/compilers_and_libraries_2018.5.274/linux/mpi/intel64/include
-----------------------------------------

Using C linker: /share/intel/2018u4/compilers_and_libraries_2018.5.274/linux/mpi/intel64/bin/mpicc
Using Fortran linker: /share/intel/2018u4/compilers_and_libraries_2018.5.274/linux/mpi/intel64/bin/mpif90
Using libraries: -Wl,-rpath,/work/ese-chenph/lib/petsc-3.16.6-opt/lib -L/work/ese-chenph/lib/petsc-3.16.6-opt/lib -lpetsc -Wl,-rpath,/work/ese-chenph/lib/petsc-3.16.6-opt/lib -L/work/ese-chenph/lib/petsc-3.16.6-opt/lib -L/share/intel/2018u4/compilers_and_libraries_2018.5.274/linux/mkl/lib/intel64/ -Wl,-rpath,/share/intel/2018u4/compilers_and_libraries_2018.5.274/linux/mkl/lib/intel64 -L/share/intel/2018u4/compilers_and_libraries_2018.5.274/linux/mkl/lib/intel64 -Wl,-rpath,/share/intel/2018u4/compilers_and_libraries_2018.5.274/linux/mpi/intel64/lib/release_mt -L/share/intel/2018u4/compilers_and_libraries_2018.5.274/linux/mpi/intel64/lib/release_mt -Wl,-rpath,/share/intel/2018u4/compilers_and_libraries_2018.5.274/linux/mpi/intel64/lib -L/share/intel/2018u4/compilers_and_libraries_2018.5.274/linux/mpi/intel64/lib -Wl,-rpath,/usr/lib/gcc/x86_64-redhat-linux/4.8.5 -L/usr/lib/gcc/x86_64-redhat-linux/4.8.5 -Wl,-rpath,/opt/intel/mpi-rt/2017.0.0/intel64/lib/release_mt -Wl,-rpath,/opt/intel/mpi-rt/2017.0.0/intel64/lib -lHYPRE -lcmumps -ldmumps -lsmumps -lzmumps -lmumps_common -lpord -lmkl_blacs_intelmpi_lp64 -lmkl_scalapack_lp64 -lmkl_intel_lp64 -lmkl_core -lmkl_sequential -lpthread -lhdf5_hl -lhdf5 -lmetis -lm -lX11 -lstdc++ -ldl -lmpifort -lmpi -lmpigi -lrt -lpthread -lgfortran -lm -lgfortran -lm -lgcc_s -lquadmath -lstdc++ -ldl
-----------------------------------------

