Implicit iteration done.
Iteration times:80000, break tolerance:0.000407919 .
Difference to solution: 520.775 .
---------------------------------------------------------------.
************************************************************************************************************************
***             WIDEN YOUR WINDOW TO 120 CHARACTERS.  Use 'enscript -r -fCourier9' to print this document            ***
************************************************************************************************************************

---------------------------------------------- PETSc Performance Summary: ----------------------------------------------

implicit on a  named r13n45 with 5 processors, by ese-chenph Thu Jun  9 13:47:40 2022
Using Petsc Release Version 3.16.6, Mar 30, 2022 

                         Max       Max/Min     Avg       Total
Time (sec):           1.469e+01     1.000   1.469e+01
Objects:              8.004e+04     1.000   8.004e+04
Flop:                 1.822e+10     1.004   1.819e+10  9.097e+10
Flop/sec:             1.240e+09     1.004   1.238e+09  6.192e+09
MPI Messages:         6.493e+05     2.000   5.195e+05  2.597e+06
MPI Message Lengths:  5.196e+08     2.000   8.003e+02  2.079e+09
MPI Reductions:       8.094e+05     1.000

Flop counting convention: 1 flop = 1 real number operation of type (multiply/divide/add/subtract)
                            e.g., VecAXPY() for real vectors of length N --> 2N flop
                            and VecAXPY() for complex vectors of length N --> 8N flop

Summary of Stages:   ----- Time ------  ----- Flop ------  --- Messages ---  -- Message Lengths --  -- Reductions --
                        Avg     %Total     Avg     %Total    Count   %Total     Avg         %Total    Count   %Total
 0:      Main Stage: 1.4692e+01 100.0%  9.0971e+10 100.0%  2.597e+06 100.0%  8.003e+02      100.0%  8.094e+05 100.0%

------------------------------------------------------------------------------------------------------------------------
See the 'Profiling' chapter of the users' manual for details on interpreting output.
Phase summary info:
   Count: number of times phase was executed
   Time and Flop: Max - maximum over all processors
                  Ratio - ratio of maximum to minimum over all processors
   Mess: number of messages sent
   AvgLen: average message length (bytes)
   Reduct: number of global reductions
   Global: entire computation
   Stage: stages of a computation. Set stages with PetscLogStagePush() and PetscLogStagePop().
      %T - percent time in this phase         %F - percent flop in this phase
      %M - percent messages in this phase     %L - percent message lengths in this phase
      %R - percent reductions in this phase
   Total Mflop/s: 10e-6 * (sum of flop over all processors)/(max time over all processors)
------------------------------------------------------------------------------------------------------------------------
Event                Count      Time (sec)     Flop                              --- Global ---  --- Stage ----  Total
                   Max Ratio  Max     Ratio   Max  Ratio  Mess   AvgLen  Reduct  %T %F %M %L %R  %T %F %M %L %R Mflop/s
------------------------------------------------------------------------------------------------------------------------

--- Event Stage 0: Main Stage

BuildTwoSided          3 1.0 1.6099e-01411.7 0.00e+00 0.0 1.6e+01 6.0e+00 3.0e+00  1  0  0  0  0   1  0  0  0  0     0
BuildTwoSidedF         2 1.0 1.6104e-01375.2 0.00e+00 0.0 2.0e+01 3.7e+04 2.0e+00  1  0  0  0  0   1  0  0  0  0     0
VecView               82 1.0 1.0795e+00 1.0 0.00e+00 0.0 0.0e+00 0.0e+00 0.0e+00  7  0  0  0  0   7  0  0  0  0     0
VecMax                 1 1.0 5.6028e-05 3.0 0.00e+00 0.0 0.0e+00 0.0e+00 1.0e+00  0  0  0  0  0   0  0  0  0  0     0
VecMDot           324670 1.0 1.8892e+00 1.4 3.29e+09 1.0 0.0e+00 0.0e+00 3.2e+05 11 18  0  0 40  11 18  0  0 40  8714
VecNorm           484672 1.0 2.3756e+00 2.4 1.94e+09 1.0 0.0e+00 0.0e+00 4.8e+05 14 11  0  0 60  14 11  0  0 60  4080
VecScale          404670 1.0 1.4090e-01 1.2 8.09e+08 1.0 0.0e+00 0.0e+00 0.0e+00  1  4  0  0  0   1  4  0  0  0 28721
VecCopy            80001 1.0 7.5862e-02 1.1 0.00e+00 0.0 0.0e+00 0.0e+00 0.0e+00  0  0  0  0  0   0  0  0  0  0     0
VecSet            160003 1.0 1.6861e+00 2.7 0.00e+00 0.0 0.0e+00 0.0e+00 0.0e+00  6  0  0  0  0   6  0  0  0  0     0
VecAXPY            80001 1.0 6.6267e-02 1.2 3.20e+08 1.0 0.0e+00 0.0e+00 0.0e+00  0  2  0  0  0   0  2  0  0  0 24145
VecAXPBYCZ         80001 1.0 1.1159e-01 1.0 6.40e+08 1.0 0.0e+00 0.0e+00 0.0e+00  1  4  0  0  0   1  4  0  0  0 28676
VecMAXPY          404670 1.0 6.8994e-01 1.0 4.59e+09 1.0 0.0e+00 0.0e+00 0.0e+00  5 25  0  0  0   5 25  0  0  0 33279
VecAssemblyBegin       1 1.0 2.8515e-04 1.4 0.00e+00 0.0 1.2e+01 8.0e+03 1.0e+00  0  0  0  0  0   0  0  0  0  0     0
VecAssemblyEnd         1 1.0 1.1992e-04 3.6 0.00e+00 0.0 0.0e+00 0.0e+00 0.0e+00  0  0  0  0  0   0  0  0  0  0     0
VecPointwiseMult  404670 1.0 4.7881e-01 1.0 8.09e+08 1.0 0.0e+00 0.0e+00 0.0e+00  3  4  0  0  0   3  4  0  0  0  8452
VecLoad                1 1.0 3.4781e-03 1.0 0.00e+00 0.0 0.0e+00 0.0e+00 1.0e+00  0  0  0  0  0   0  0  0  0  0     0
VecScatterBegin   324670 1.0 1.3130e+00 2.6 0.00e+00 0.0 2.6e+06 8.0e+02 1.0e+00  6  0100100  0   6  0100100  0     0
VecScatterEnd     324670 1.0 4.9455e-01 1.9 0.00e+00 0.0 0.0e+00 0.0e+00 0.0e+00  3  0  0  0  0   3  0  0  0  0     0
VecNormalize      404670 1.0 2.3677e+00 2.2 2.43e+09 1.0 0.0e+00 0.0e+00 4.0e+05 14 13  0  0 50  14 13  0  0 50  5127
MatMult           324670 1.0 5.7220e+00 1.1 5.82e+09 1.0 2.6e+06 8.0e+02 1.0e+00 37 32100100  0  37 32100100  0  5061
MatAssemblyBegin       1 1.0 1.6091e-01558.7 0.00e+00 0.0 8.0e+00 7.9e+04 1.0e+00  1  0  0  0  0   1  0  0  0  0     0
MatAssemblyEnd         1 1.0 3.5348e-03 1.1 0.00e+00 0.0 0.0e+00 0.0e+00 5.0e+00  0  0  0  0  0   0  0  0  0  0     0
SFSetGraph             1 1.0 1.1921e-06 0.0 0.00e+00 0.0 0.0e+00 0.0e+00 0.0e+00  0  0  0  0  0   0  0  0  0  0     0
SFSetUp                1 1.0 4.5300e-04 1.4 0.00e+00 0.0 1.6e+01 2.0e+02 1.0e+00  0  0  0  0  0   0  0  0  0  0     0
SFPack            324670 1.0 8.7044e-02 2.0 0.00e+00 0.0 0.0e+00 0.0e+00 0.0e+00  0  0  0  0  0   0  0  0  0  0     0
SFUnpack          324670 1.0 2.6410e-02 1.0 0.00e+00 0.0 0.0e+00 0.0e+00 0.0e+00  0  0  0  0  0   0  0  0  0  0     0
KSPSetUp               1 1.0 2.4199e-04 1.6 0.00e+00 0.0 0.0e+00 0.0e+00 0.0e+00  0  0  0  0  0   0  0  0  0  0     0
KSPSolve           80000 1.0 1.1915e+01 1.0 1.73e+10 1.0 2.6e+06 8.0e+02 7.3e+05 81 95100100 90  81 95100100 90  7232
KSPGMRESOrthog    324670 1.0 2.5163e+00 1.3 6.59e+09 1.0 0.0e+00 0.0e+00 3.2e+05 15 36  0  0 40  15 36  0  0 40 13086
PCSetUp                1 1.0 5.0068e-06 2.3 0.00e+00 0.0 0.0e+00 0.0e+00 0.0e+00  0  0  0  0  0   0  0  0  0  0     0
PCApply           404670 1.0 5.6534e-01 1.1 8.09e+08 1.0 0.0e+00 0.0e+00 2.0e+00  4  4  0  0  0   4  4  0  0  0  7158
------------------------------------------------------------------------------------------------------------------------

Memory usage is given in bytes:

Object Type          Creations   Destructions     Memory  Descendants' Mem.
Reports information only for process 0.

--- Event Stage 0: Main Stage

              Viewer     3              1          808     0.
              Vector 80027          80008   1420270024     0.
              Matrix     3              0            0     0.
           Index Set     2              2         2184     0.
   Star Forest Graph     3              0            0     0.
       Krylov Solver     1              0            0     0.
      Preconditioner     1              0            0     0.
    Distributed Mesh     1              0            0     0.
     Discrete System     1              0            0     0.
           Weak Form     1              0            0     0.
========================================================================================================================
Average time to get PetscTime(): 0.
Average time for MPI_Barrier(): 1.00136e-06
Average time for zero size MPI_Send(): 1.69754e-05
#PETSc Option Table entries:
-fname ../data/test01_im.hdf5
-log_view
-maxIts 80000
-maxItsW 80000
-ps 1000
-restart 0
-tol 1e-20
#End of PETSc Option Table entries
Compiled without FORTRAN kernels
Compiled with full precision matrices (default)
sizeof(short) 2 sizeof(int) 4 sizeof(long) 8 sizeof(void*) 8 sizeof(PetscScalar) 8 sizeof(PetscInt) 4
Configure options: --with-mpi-dir=/share/intel/2018u4/compilers_and_libraries_2018.5.274/linux/mpi/intel64/ --with-blaslapack-dir=/share/intel/2018u4/compilers_and_libraries_2018.5.274/linux/mkl --with-debugging=no --prefix=/work/ese-chenph/lib/petsc-3.16.6-opt --download-hypre=/work/ese-chenph/petsc-3.16.6-extlibs/hypre-2.23.0.tar.gz --download-mumps=/work/ese-chenph/petsc-3.16.6-extlibs/petsc-pkg-mumps-6d1470374d32.tar.gz --download-metis=/work/ese-chenph/petsc-3.16.6-extlibs/petsc-pkg-metis-c8d2dc1e751e.tar.gz --download-hdf5=/work/ese-chenph/petsc-3.16.6-extlibs/hdf5-1.12.1.tar.bz2 COPTFLAGS="-O3 -march=native -mtune=native" CXXOPTFLAGS="-O3 -march=native -mtune=native" FOPTFLAGS="-O3 -march=native -mtune=native" --with-scalapack-include=/share/intel/2018u4/compilers_and_libraries_2018.5.274/linux/mkl/include --with-scalapack-lib="-L/share/intel/2018u4/compilers_and_libraries_2018.5.274/linux/mkl/lib/intel64/ -lmkl_blacs_intelmpi_lp64 -lmkl_scalapack_lp64"
-----------------------------------------
Libraries compiled on 2022-04-30 14:05:36 on login03 
Machine characteristics: Linux-3.10.0-862.el7.x86_64-x86_64-with-redhat-7.5-Maipo
Using PETSc directory: /work/ese-chenph/lib/petsc-3.16.6-opt
Using PETSc arch: 
-----------------------------------------

Using C compiler: /share/intel/2018u4/compilers_and_libraries_2018.5.274/linux/mpi/intel64/bin/mpicc  -fPIC -Wall -Wwrite-strings -Wno-strict-aliasing -Wno-unknown-pragmas -fstack-protector -fvisibility=hidden -O3 -march=native -mtune=native  -std=c99 
Using Fortran compiler: /share/intel/2018u4/compilers_and_libraries_2018.5.274/linux/mpi/intel64/bin/mpif90  -fPIC -Wall -ffree-line-length-0 -Wno-unused-dummy-argument -O3 -march=native -mtune=native     -std=c99
-----------------------------------------

Using include paths: -I/work/ese-chenph/lib/petsc-3.16.6-opt/include -I/share/intel/2018u4/compilers_and_libraries_2018.5.274/linux/mkl/include -I/share/intel/2018u4/compilers_and_libraries_2018.5.274/linux/mpi/intel64/include
-----------------------------------------

Using C linker: /share/intel/2018u4/compilers_and_libraries_2018.5.274/linux/mpi/intel64/bin/mpicc
Using Fortran linker: /share/intel/2018u4/compilers_and_libraries_2018.5.274/linux/mpi/intel64/bin/mpif90
Using libraries: -Wl,-rpath,/work/ese-chenph/lib/petsc-3.16.6-opt/lib -L/work/ese-chenph/lib/petsc-3.16.6-opt/lib -lpetsc -Wl,-rpath,/work/ese-chenph/lib/petsc-3.16.6-opt/lib -L/work/ese-chenph/lib/petsc-3.16.6-opt/lib -L/share/intel/2018u4/compilers_and_libraries_2018.5.274/linux/mkl/lib/intel64/ -Wl,-rpath,/share/intel/2018u4/compilers_and_libraries_2018.5.274/linux/mkl/lib/intel64 -L/share/intel/2018u4/compilers_and_libraries_2018.5.274/linux/mkl/lib/intel64 -Wl,-rpath,/share/intel/2018u4/compilers_and_libraries_2018.5.274/linux/mpi/intel64/lib/release_mt -L/share/intel/2018u4/compilers_and_libraries_2018.5.274/linux/mpi/intel64/lib/release_mt -Wl,-rpath,/share/intel/2018u4/compilers_and_libraries_2018.5.274/linux/mpi/intel64/lib -L/share/intel/2018u4/compilers_and_libraries_2018.5.274/linux/mpi/intel64/lib -Wl,-rpath,/usr/lib/gcc/x86_64-redhat-linux/4.8.5 -L/usr/lib/gcc/x86_64-redhat-linux/4.8.5 -Wl,-rpath,/opt/intel/mpi-rt/2017.0.0/intel64/lib/release_mt -Wl,-rpath,/opt/intel/mpi-rt/2017.0.0/intel64/lib -lHYPRE -lcmumps -ldmumps -lsmumps -lzmumps -lmumps_common -lpord -lmkl_blacs_intelmpi_lp64 -lmkl_scalapack_lp64 -lmkl_intel_lp64 -lmkl_core -lmkl_sequential -lpthread -lhdf5_hl -lhdf5 -lmetis -lm -lX11 -lstdc++ -ldl -lmpifort -lmpi -lmpigi -lrt -lpthread -lgfortran -lm -lgfortran -lm -lgcc_s -lquadmath -lstdc++ -ldl
-----------------------------------------

