Sender: LSF System <lsfadmin@r13n44>
Subject: Job 3819511: <petsc-test> in cluster <sustchpc> Done

Job <petsc-test> was submitted from host <login03> by user <ese-chenph> in cluster <sustchpc> at Mon Jun  6 10:19:36 2022.
Job was executed on host(s) <10*r13n44>, in queue <debug>, as user <ese-chenph> in cluster <sustchpc> at Mon Jun  6 10:19:37 2022.
</work/ese-chenph> was used as the home directory.
</work/ese-chenph/github/MAE5032_FinalProject/bak/sln_explicit/TAIYI> was used as the working directory.
Started at Mon Jun  6 10:19:37 2022.
Terminated at Mon Jun  6 10:19:43 2022.
Results reported at Mon Jun  6 10:19:43 2022.

Your job looked like:

------------------------------------------------------------
# LSBATCH: User input
#!/bin/bash
#BSUB -J petsc-test
#BSUB -q debug
#BSUB -n 10
#BSUB -e %J-petsc.err
#BSUB -o %J-petsc.out

module purge
module load intel/2018.4
module load mpi/intel/2018.4

cd /work/ese-chenph/github/MAE5032_FinalProject/bak/sln_explicit
make main.out
mpirun -np 5 ./main.out -n 10 -dt 100 -dl 0.1 -rho 500 -c 1000 -k 10 -f 0 -maxIts 1000
------------------------------------------------------------

Successfully completed.

Resource usage summary:

    CPU time :                                   3.88 sec.
    Max Memory :                                 81 MB
    Average Memory :                             81.00 MB
    Total Requested Memory :                     -
    Delta Memory :                               -
    Max Swap :                                   -
    Max Processes :                              7
    Max Threads :                                9
    Run time :                                   5 sec.
    Turnaround time :                            7 sec.

The output (if any) follows:

/share/intel/2018u4/compilers_and_libraries_2018.5.274/linux/mpi/intel64/bin/mpicc -fPIC -Wall -Wwrite-strings -Wno-strict-aliasing -Wno-unknown-pragmas -fstack-protector -fvisibility=hidden -O3 -march=native -mtune=native  -std=c99 -std=c99   -I/work/ese-chenph/lib/petsc-3.16.6-opt/include    -c -o main.o main.c
/share/intel/2018u4/compilers_and_libraries_2018.5.274/linux/mpi/intel64/bin/mpicxx -Wall -Wwrite-strings -Wno-strict-aliasing -Wno-unknown-pragmas -fstack-protector -fvisibility=hidden -O3 -march=native -mtune=native  -fPIC -std=gnu++11 -std=c99    -I/work/ese-chenph/lib/petsc-3.16.6-opt/include   -L/work/ese-chenph/lib/petsc-3.16.6-opt/lib    -Wl,-rpath,/work/ese-chenph/lib/petsc-3.16.6-opt/lib  -lpetsc   -lm -lhdf5 -o main.out main.o
rm -f main.o
Mat Object: 5 MPI processes
  type: mpiaij
row 0: (0, 0.2)  (1, 0.2)  (10, 0.2) 
row 1: (0, 0.2)  (1, 0.2)  (2, 0.2)  (11, 0.2) 
row 2: (1, 0.2)  (2, 0.2)  (3, 0.2)  (12, 0.2) 
row 3: (2, 0.2)  (3, 0.2)  (4, 0.2)  (13, 0.2) 
row 4: (3, 0.2)  (4, 0.2)  (5, 0.2)  (14, 0.2) 
row 5: (4, 0.2)  (5, 0.2)  (6, 0.2)  (15, 0.2) 
row 6: (5, 0.2)  (6, 0.2)  (7, 0.2)  (16, 0.2) 
row 7: (6, 0.2)  (7, 0.2)  (8, 0.2)  (17, 0.2) 
row 8: (7, 0.2)  (8, 0.2)  (9, 0.2)  (18, 0.2) 
row 9: (8, 0.2)  (9, 0.2)  (19, 0.2) 
row 10: (0, 0.2)  (10, 0.2)  (11, 0.2)  (20, 0.2) 
row 11: (1, 0.2)  (10, 0.2)  (11, 0.2)  (12, 0.2)  (21, 0.2) 
row 12: (2, 0.2)  (11, 0.2)  (12, 0.2)  (13, 0.2)  (22, 0.2) 
row 13: (3, 0.2)  (12, 0.2)  (13, 0.2)  (14, 0.2)  (23, 0.2) 
row 14: (4, 0.2)  (13, 0.2)  (14, 0.2)  (15, 0.2)  (24, 0.2) 
row 15: (5, 0.2)  (14, 0.2)  (15, 0.2)  (16, 0.2)  (25, 0.2) 
row 16: (6, 0.2)  (15, 0.2)  (16, 0.2)  (17, 0.2)  (26, 0.2) 
row 17: (7, 0.2)  (16, 0.2)  (17, 0.2)  (18, 0.2)  (27, 0.2) 
row 18: (8, 0.2)  (17, 0.2)  (18, 0.2)  (19, 0.2)  (28, 0.2) 
row 19: (9, 0.2)  (18, 0.2)  (19, 0.2)  (29, 0.2) 
row 20: (10, 0.2)  (20, 0.2)  (21, 0.2)  (30, 0.2) 
row 21: (11, 0.2)  (20, 0.2)  (21, 0.2)  (22, 0.2)  (31, 0.2) 
row 22: (12, 0.2)  (21, 0.2)  (22, 0.2)  (23, 0.2)  (32, 0.2) 
row 23: (13, 0.2)  (22, 0.2)  (23, 0.2)  (24, 0.2)  (33, 0.2) 
row 24: (14, 0.2)  (23, 0.2)  (24, 0.2)  (25, 0.2)  (34, 0.2) 
row 25: (15, 0.2)  (24, 0.2)  (25, 0.2)  (26, 0.2)  (35, 0.2) 
row 26: (16, 0.2)  (25, 0.2)  (26, 0.2)  (27, 0.2)  (36, 0.2) 
row 27: (17, 0.2)  (26, 0.2)  (27, 0.2)  (28, 0.2)  (37, 0.2) 
row 28: (18, 0.2)  (27, 0.2)  (28, 0.2)  (29, 0.2)  (38, 0.2) 
row 29: (19, 0.2)  (28, 0.2)  (29, 0.2)  (39, 0.2) 
row 30: (20, 0.2)  (30, 0.2)  (31, 0.2)  (40, 0.2) 
row 31: (21, 0.2)  (30, 0.2)  (31, 0.2)  (32, 0.2)  (41, 0.2) 
row 32: (22, 0.2)  (31, 0.2)  (32, 0.2)  (33, 0.2)  (42, 0.2) 
row 33: (23, 0.2)  (32, 0.2)  (33, 0.2)  (34, 0.2)  (43, 0.2) 
row 34: (24, 0.2)  (33, 0.2)  (34, 0.2)  (35, 0.2)  (44, 0.2) 
row 35: (25, 0.2)  (34, 0.2)  (35, 0.2)  (36, 0.2)  (45, 0.2) 
row 36: (26, 0.2)  (35, 0.2)  (36, 0.2)  (37, 0.2)  (46, 0.2) 
row 37: (27, 0.2)  (36, 0.2)  (37, 0.2)  (38, 0.2)  (47, 0.2) 
row 38: (28, 0.2)  (37, 0.2)  (38, 0.2)  (39, 0.2)  (48, 0.2) 
row 39: (29, 0.2)  (38, 0.2)  (39, 0.2)  (49, 0.2) 
row 40: (30, 0.2)  (40, 0.2)  (41, 0.2)  (50, 0.2) 
row 41: (31, 0.2)  (40, 0.2)  (41, 0.2)  (42, 0.2)  (51, 0.2) 
row 42: (32, 0.2)  (41, 0.2)  (42, 0.2)  (43, 0.2)  (52, 0.2) 
row 43: (33, 0.2)  (42, 0.2)  (43, 0.2)  (44, 0.2)  (53, 0.2) 
row 44: (34, 0.2)  (43, 0.2)  (44, 0.2)  (45, 0.2)  (54, 0.2) 
row 45: (35, 0.2)  (44, 0.2)  (45, 0.2)  (46, 0.2)  (55, 0.2) 
row 46: (36, 0.2)  (45, 0.2)  (46, 0.2)  (47, 0.2)  (56, 0.2) 
row 47: (37, 0.2)  (46, 0.2)  (47, 0.2)  (48, 0.2)  (57, 0.2) 
row 48: (38, 0.2)  (47, 0.2)  (48, 0.2)  (49, 0.2)  (58, 0.2) 
row 49: (39, 0.2)  (48, 0.2)  (49, 0.2)  (59, 0.2) 
row 50: (40, 0.2)  (50, 0.2)  (51, 0.2)  (60, 0.2) 
row 51: (41, 0.2)  (50, 0.2)  (51, 0.2)  (52, 0.2)  (61, 0.2) 
row 52: (42, 0.2)  (51, 0.2)  (52, 0.2)  (53, 0.2)  (62, 0.2) 
row 53: (43, 0.2)  (52, 0.2)  (53, 0.2)  (54, 0.2)  (63, 0.2) 
row 54: (44, 0.2)  (53, 0.2)  (54, 0.2)  (55, 0.2)  (64, 0.2) 
row 55: (45, 0.2)  (54, 0.2)  (55, 0.2)  (56, 0.2)  (65, 0.2) 
row 56: (46, 0.2)  (55, 0.2)  (56, 0.2)  (57, 0.2)  (66, 0.2) 
row 57: (47, 0.2)  (56, 0.2)  (57, 0.2)  (58, 0.2)  (67, 0.2) 
row 58: (48, 0.2)  (57, 0.2)  (58, 0.2)  (59, 0.2)  (68, 0.2) 
row 59: (49, 0.2)  (58, 0.2)  (59, 0.2)  (69, 0.2) 
row 60: (50, 0.2)  (60, 0.2)  (61, 0.2)  (70, 0.2) 
row 61: (51, 0.2)  (60, 0.2)  (61, 0.2)  (62, 0.2)  (71, 0.2) 
row 62: (52, 0.2)  (61, 0.2)  (62, 0.2)  (63, 0.2)  (72, 0.2) 
row 63: (53, 0.2)  (62, 0.2)  (63, 0.2)  (64, 0.2)  (73, 0.2) 
row 64: (54, 0.2)  (63, 0.2)  (64, 0.2)  (65, 0.2)  (74, 0.2) 
row 65: (55, 0.2)  (64, 0.2)  (65, 0.2)  (66, 0.2)  (75, 0.2) 
row 66: (56, 0.2)  (65, 0.2)  (66, 0.2)  (67, 0.2)  (76, 0.2) 
row 67: (57, 0.2)  (66, 0.2)  (67, 0.2)  (68, 0.2)  (77, 0.2) 
row 68: (58, 0.2)  (67, 0.2)  (68, 0.2)  (69, 0.2)  (78, 0.2) 
row 69: (59, 0.2)  (68, 0.2)  (69, 0.2)  (79, 0.2) 
row 70: (60, 0.2)  (70, 0.2)  (71, 0.2)  (80, 0.2) 
row 71: (61, 0.2)  (70, 0.2)  (71, 0.2)  (72, 0.2)  (81, 0.2) 
row 72: (62, 0.2)  (71, 0.2)  (72, 0.2)  (73, 0.2)  (82, 0.2) 
row 73: (63, 0.2)  (72, 0.2)  (73, 0.2)  (74, 0.2)  (83, 0.2) 
row 74: (64, 0.2)  (73, 0.2)  (74, 0.2)  (75, 0.2)  (84, 0.2) 
row 75: (65, 0.2)  (74, 0.2)  (75, 0.2)  (76, 0.2)  (85, 0.2) 
row 76: (66, 0.2)  (75, 0.2)  (76, 0.2)  (77, 0.2)  (86, 0.2) 
row 77: (67, 0.2)  (76, 0.2)  (77, 0.2)  (78, 0.2)  (87, 0.2) 
row 78: (68, 0.2)  (77, 0.2)  (78, 0.2)  (79, 0.2)  (88, 0.2) 
row 79: (69, 0.2)  (78, 0.2)  (79, 0.2)  (89, 0.2) 
row 80: (70, 0.2)  (80, 0.2)  (81, 0.2)  (90, 0.2) 
row 81: (71, 0.2)  (80, 0.2)  (81, 0.2)  (82, 0.2)  (91, 0.2) 
row 82: (72, 0.2)  (81, 0.2)  (82, 0.2)  (83, 0.2)  (92, 0.2) 
row 83: (73, 0.2)  (82, 0.2)  (83, 0.2)  (84, 0.2)  (93, 0.2) 
row 84: (74, 0.2)  (83, 0.2)  (84, 0.2)  (85, 0.2)  (94, 0.2) 
row 85: (75, 0.2)  (84, 0.2)  (85, 0.2)  (86, 0.2)  (95, 0.2) 
row 86: (76, 0.2)  (85, 0.2)  (86, 0.2)  (87, 0.2)  (96, 0.2) 
row 87: (77, 0.2)  (86, 0.2)  (87, 0.2)  (88, 0.2)  (97, 0.2) 
row 88: (78, 0.2)  (87, 0.2)  (88, 0.2)  (89, 0.2)  (98, 0.2) 
row 89: (79, 0.2)  (88, 0.2)  (89, 0.2)  (99, 0.2) 
row 90: (80, 0.2)  (90, 0.2)  (91, 0.2) 
row 91: (81, 0.2)  (90, 0.2)  (91, 0.2)  (92, 0.2) 
row 92: (82, 0.2)  (91, 0.2)  (92, 0.2)  (93, 0.2) 
row 93: (83, 0.2)  (92, 0.2)  (93, 0.2)  (94, 0.2) 
row 94: (84, 0.2)  (93, 0.2)  (94, 0.2)  (95, 0.2) 
row 95: (85, 0.2)  (94, 0.2)  (95, 0.2)  (96, 0.2) 
row 96: (86, 0.2)  (95, 0.2)  (96, 0.2)  (97, 0.2) 
row 97: (87, 0.2)  (96, 0.2)  (97, 0.2)  (98, 0.2) 
row 98: (88, 0.2)  (97, 0.2)  (98, 0.2)  (99, 0.2) 
row 99: (89, 0.2)  (98, 0.2)  (99, 0.2) 
Vec Object: 5 MPI processes
  type: mpi
Process [0]
4.8
2.4
2.4
2.4
2.4
2.4
2.4
2.4
2.4
4.8
2.4
0.
0.
0.
0.
0.
0.
0.
0.
2.4
Process [1]
2.4
0.
0.
0.
0.
0.
0.
0.
0.
2.4
2.4
0.
0.
0.
0.
0.
0.
0.
0.
2.4
Process [2]
2.4
0.
0.
0.
0.
0.
0.
0.
0.
2.4
2.4
0.
0.
0.
0.
0.
0.
0.
0.
2.4
Process [3]
2.4
0.
0.
0.
0.
0.
0.
0.
0.
2.4
2.4
0.
0.
0.
0.
0.
0.
0.
0.
2.4
Process [4]
2.4
0.
0.
0.
0.
0.
0.
0.
0.
2.4
4.8
2.4
2.4
2.4
2.4
2.4
2.4
2.4
2.4
4.8
Vec Object: u0_2DInit 5 MPI processes
  type: mpi
Process [0]
0.
0.
0.
0.
0.
0.
0.
0.
0.
0.
0.
0.
0.
0.
0.
0.
0.
0.
0.
0.
Process [1]
0.
0.
0.
0.
0.
0.
0.
0.
0.
0.
0.
0.
0.
0.
0.
0.
0.
0.
0.
0.
Process [2]
0.
0.
0.
0.
0.
0.
0.
0.
0.
0.
0.
0.
0.
0.
0.
0.
0.
0.
0.
0.
Process [3]
0.
0.
0.
0.
0.
0.
0.
0.
0.
0.
0.
0.
0.
0.
0.
0.
0.
0.
0.
0.
Process [4]
0.
0.
0.
0.
0.
0.
0.
0.
0.
0.
0.
0.
0.
0.
0.
0.
0.
0.
0.
0.


PS:

Read file <3819511-petsc.err> for stderr output of this job.

