Implicit iteration done.
Iteration times:50000, break tolerance:0.00133158 .
Difference to solution: 1691.63 .
---------------------------------------------------------------.
************************************************************************************************************************
***             WIDEN YOUR WINDOW TO 120 CHARACTERS.  Use 'enscript -r -fCourier9' to print this document            ***
************************************************************************************************************************

---------------------------------------------- PETSc Performance Summary: ----------------------------------------------

implicit on a  named r13n46 with 10 processors, by ese-chenph Thu Jun  9 14:29:19 2022
Using Petsc Release Version 3.16.6, Mar 30, 2022 

                         Max       Max/Min     Avg       Total
Time (sec):           8.365e+00     1.000   8.365e+00
Objects:              5.007e+04     1.000   5.007e+04
Flop:                 4.103e+09     1.039   4.072e+09  4.072e+10
Flop/sec:             4.905e+08     1.039   4.868e+08  4.868e+09
MPI Messages:         5.005e+05     2.000   4.504e+05  4.504e+06
MPI Message Lengths:  4.004e+08     2.000   8.002e+02  3.604e+09
MPI Reductions:       3.003e+05     1.000

Flop counting convention: 1 flop = 1 real number operation of type (multiply/divide/add/subtract)
                            e.g., VecAXPY() for real vectors of length N --> 2N flop
                            and VecAXPY() for complex vectors of length N --> 8N flop

Summary of Stages:   ----- Time ------  ----- Flop ------  --- Messages ---  -- Message Lengths --  -- Reductions --
                        Avg     %Total     Avg     %Total    Count   %Total     Avg         %Total    Count   %Total
 0:      Main Stage: 8.3646e+00 100.0%  4.0720e+10 100.0%  4.504e+06 100.0%  8.002e+02      100.0%  3.003e+05 100.0%

------------------------------------------------------------------------------------------------------------------------
See the 'Profiling' chapter of the users' manual for details on interpreting output.
Phase summary info:
   Count: number of times phase was executed
   Time and Flop: Max - maximum over all processors
                  Ratio - ratio of maximum to minimum over all processors
   Mess: number of messages sent
   AvgLen: average message length (bytes)
   Reduct: number of global reductions
   Global: entire computation
   Stage: stages of a computation. Set stages with PetscLogStagePush() and PetscLogStagePop().
      %T - percent time in this phase         %F - percent flop in this phase
      %M - percent messages in this phase     %L - percent message lengths in this phase
      %R - percent reductions in this phase
   Total Mflop/s: 10e-6 * (sum of flop over all processors)/(max time over all processors)
------------------------------------------------------------------------------------------------------------------------
Event                Count      Time (sec)     Flop                              --- Global ---  --- Stage ----  Total
                   Max Ratio  Max     Ratio   Max  Ratio  Mess   AvgLen  Reduct  %T %F %M %L %R  %T %F %M %L %R Mflop/s
------------------------------------------------------------------------------------------------------------------------

--- Event Stage 0: Main Stage

BuildTwoSided          6 1.0 6.0102e-0279.8 0.00e+00 0.0 5.4e+01 5.3e+00 4.0e+00  0  0  0  0  0   0  0  0  0  0     0
BuildTwoSidedF         2 1.0 6.0307e-0265.8 0.00e+00 0.0 4.5e+01 1.8e+04 2.0e+00  0  0  0  0  0   0  0  0  0  0     0
VecView               52 1.0 1.4318e+00 1.0 0.00e+00 0.0 0.0e+00 0.0e+00 0.0e+00 17  0  0  0  0  17  0  0  0  0     0
VecMax                 1 1.0 6.8903e-05 2.7 0.00e+00 0.0 0.0e+00 0.0e+00 1.0e+00  0  0  0  0  0   0  0  0  0  0     0
VecMDot           100116 1.0 4.1893e-01 1.5 3.01e+08 1.0 0.0e+00 0.0e+00 1.0e+05  4  7  0  0 33   4  7  0  0 33  7174
VecNorm           200118 1.0 5.4645e-01 1.2 4.00e+08 1.0 0.0e+00 0.0e+00 2.0e+05  6 10  0  0 67   6 10  0  0 67  7324
VecScale          150116 1.0 4.0507e-02 1.2 1.50e+08 1.0 0.0e+00 0.0e+00 0.0e+00  0  4  0  0  0   0  4  0  0  0 37059
VecCopy            50001 1.0 2.7588e-02 1.1 0.00e+00 0.0 0.0e+00 0.0e+00 0.0e+00  0  0  0  0  0   0  0  0  0  0     0
VecSet            550355 1.0 3.9210e-01 1.0 0.00e+00 0.0 0.0e+00 0.0e+00 0.0e+00  5  0  0  0  0   5  0  0  0  0     0
VecAXPY            50001 1.0 1.7368e-02 1.0 1.00e+08 1.0 0.0e+00 0.0e+00 0.0e+00  0  2  0  0  0   0  2  0  0  0 57579
VecAXPBYCZ         50001 1.0 4.0040e-02 1.1 2.00e+08 1.0 0.0e+00 0.0e+00 0.0e+00  0  5  0  0  0   0  5  0  0  0 49950
VecMAXPY          150116 1.0 1.0001e-01 1.0 5.01e+08 1.0 0.0e+00 0.0e+00 0.0e+00  1 12  0  0  0   1 12  0  0  0 50087
VecAssemblyBegin       1 1.0 5.1117e-04 2.2 0.00e+00 0.0 2.7e+01 4.0e+03 1.0e+00  0  0  0  0  0   0  0  0  0  0     0
VecAssemblyEnd         1 1.0 2.1505e-04 6.1 0.00e+00 0.0 0.0e+00 0.0e+00 0.0e+00  0  0  0  0  0   0  0  0  0  0     0
VecLoad                1 1.0 3.1281e-03 1.1 0.00e+00 0.0 0.0e+00 0.0e+00 1.0e+00  0  0  0  0  0   0  0  0  0  0     0
VecScatterBegin   700580 1.0 1.2087e+00 1.4 0.00e+00 0.0 4.5e+06 8.0e+02 2.0e+00 11  0100100  0  11  0100100  0     0
VecScatterEnd     700580 1.0 6.4668e-01 1.7 0.00e+00 0.0 0.0e+00 0.0e+00 0.0e+00  6  0  0  0  0   6  0  0  0  0     0
VecNormalize      150116 1.0 4.8662e-01 1.2 4.50e+08 1.0 0.0e+00 0.0e+00 1.5e+05  5 11  0  0 50   5 11  0  0 50  9255
MatMult           100116 1.0 1.1587e+00 1.2 8.97e+08 1.0 1.8e+06 8.0e+02 1.0e+00 12 22 40 40  0  12 22 40 40  0  7707
MatSolve          150116 1.0 2.0833e+00 1.1 1.55e+09 1.1 0.0e+00 0.0e+00 0.0e+00 24 38  0  0  0  24 38  0  0  0  7330
MatLUFactorNum         1 1.0 1.6611e-0330.2 1.24e+04 1.1 0.0e+00 0.0e+00 0.0e+00  0  0  0  0  0   0  0  0  0  0    73
MatILUFactorSym        1 1.0 6.5994e-04 7.7 0.00e+00 0.0 0.0e+00 0.0e+00 0.0e+00  0  0  0  0  0   0  0  0  0  0     0
MatAssemblyBegin       2 1.0 5.9946e-0299.9 0.00e+00 0.0 1.8e+01 4.0e+04 1.0e+00  0  0  0  0  0   0  0  0  0  0     0
MatAssemblyEnd         2 1.0 5.1861e-03 1.1 0.00e+00 0.0 0.0e+00 0.0e+00 5.0e+00  0  0  0  0  0   0  0  0  0  0     0
MatGetRowIJ            1 1.0 1.4482e-031518.5 0.00e+00 0.0 0.0e+00 0.0e+00 0.0e+00  0  0  0  0  0   0  0  0  0  0     0
MatCreateSubMats       1 1.0 1.9820e-03 3.4 0.00e+00 0.0 9.0e+01 1.4e+03 1.0e+00  0  0  0  0  0   0  0  0  0  0     0
MatGetOrdering         1 1.0 1.6589e-03103.9 0.00e+00 0.0 0.0e+00 0.0e+00 0.0e+00  0  0  0  0  0   0  0  0  0  0     0
MatIncreaseOvrlp       1 1.0 2.9781e-03 2.7 0.00e+00 0.0 0.0e+00 0.0e+00 1.0e+00  0  0  0  0  0   0  0  0  0  0     0
SFSetGraph             4 1.0 3.0994e-06 0.0 0.00e+00 0.0 0.0e+00 0.0e+00 0.0e+00  0  0  0  0  0   0  0  0  0  0     0
SFSetUp                4 1.0 7.0906e-04 3.0 0.00e+00 0.0 7.2e+01 2.0e+02 2.0e+00  0  0  0  0  0   0  0  0  0  0     0
SFReduceBegin     150116 1.0 1.2018e-01 1.0 0.00e+00 0.0 0.0e+00 0.0e+00 0.0e+00  1  0  0  0  0   1  0  0  0  0     0
SFReduceEnd       150116 1.0 4.7878e-02 1.1 0.00e+00 0.0 0.0e+00 0.0e+00 0.0e+00  1  0  0  0  0   1  0  0  0  0     0
SFPack            700580 1.0 9.5291e-02 1.5 0.00e+00 0.0 0.0e+00 0.0e+00 0.0e+00  1  0  0  0  0   1  0  0  0  0     0
SFUnpack          700580 1.0 7.4278e-02 1.4 0.00e+00 0.0 0.0e+00 0.0e+00 0.0e+00  1  0  0  0  0   1  0  0  0  0     0
KSPSetUp               2 1.0 3.9749e-0357.7 0.00e+00 0.0 0.0e+00 0.0e+00 0.0e+00  0  0  0  0  0   0  0  0  0  0     0
KSPSolve           50000 1.0 6.1139e+00 1.0 3.80e+09 1.0 4.5e+06 8.0e+02 2.5e+05 73 93100100 83  73 93100100 83  6169
KSPGMRESOrthog    100116 1.0 5.1670e-01 1.3 6.01e+08 1.0 0.0e+00 0.0e+00 1.0e+05  6 15  0  0 33   6 15  0  0 33 11636
PCSetUp                2 1.0 1.2532e-02 1.5 1.24e+04 1.1 9.0e+01 1.4e+03 7.0e+00  0  0  0  0  0   0  0  0  0  0    10
PCSetUpOnBlocks    50000 1.0 9.7885e-03 1.7 1.24e+04 1.1 0.0e+00 0.0e+00 0.0e+00  0  0  0  0  0   0  0  0  0  0    12
PCApply           150116 1.0 3.8378e+00 1.1 1.55e+09 1.1 2.7e+06 8.0e+02 1.0e+00 44 38 60 60  0  44 38 60 60  0  3979
PCApplyOnBlocks   150116 1.0 2.3210e+00 1.1 1.55e+09 1.1 0.0e+00 0.0e+00 0.0e+00 27 38  0  0  0  27 38  0  0  0  6579
------------------------------------------------------------------------------------------------------------------------

Memory usage is given in bytes:

Object Type          Creations   Destructions     Memory  Descendants' Mem.
Reports information only for process 0.

--- Event Stage 0: Main Stage

              Viewer     3              1          808     0.
              Vector 50032          50010    487673528     0.
              Matrix     6              1         3272     0.
           Index Set    11              6        10144     0.
   IS L to G Mapping     1              1         9472     0.
   Star Forest Graph     6              0            0     0.
       Krylov Solver     2              0            0     0.
      Preconditioner     2              0            0     0.
    Distributed Mesh     1              0            0     0.
     Discrete System     1              0            0     0.
           Weak Form     1              0            0     0.
========================================================================================================================
Average time to get PetscTime(): 0.
Average time for MPI_Barrier(): 5.72205e-07
Average time for zero size MPI_Send(): 7.70092e-06
#PETSc Option Table entries:
-fname ../data/test01_im.hdf5
-ksptype cg
-log_view
-maxIts 50000
-maxItsW 50000
-pc_type asm
-ps 1000
-restart 0
-tol 1e-20
#End of PETSc Option Table entries
Compiled without FORTRAN kernels
Compiled with full precision matrices (default)
sizeof(short) 2 sizeof(int) 4 sizeof(long) 8 sizeof(void*) 8 sizeof(PetscScalar) 8 sizeof(PetscInt) 4
Configure options: --with-mpi-dir=/share/intel/2018u4/compilers_and_libraries_2018.5.274/linux/mpi/intel64/ --with-blaslapack-dir=/share/intel/2018u4/compilers_and_libraries_2018.5.274/linux/mkl --with-debugging=no --prefix=/work/ese-chenph/lib/petsc-3.16.6-opt --download-hypre=/work/ese-chenph/petsc-3.16.6-extlibs/hypre-2.23.0.tar.gz --download-mumps=/work/ese-chenph/petsc-3.16.6-extlibs/petsc-pkg-mumps-6d1470374d32.tar.gz --download-metis=/work/ese-chenph/petsc-3.16.6-extlibs/petsc-pkg-metis-c8d2dc1e751e.tar.gz --download-hdf5=/work/ese-chenph/petsc-3.16.6-extlibs/hdf5-1.12.1.tar.bz2 COPTFLAGS="-O3 -march=native -mtune=native" CXXOPTFLAGS="-O3 -march=native -mtune=native" FOPTFLAGS="-O3 -march=native -mtune=native" --with-scalapack-include=/share/intel/2018u4/compilers_and_libraries_2018.5.274/linux/mkl/include --with-scalapack-lib="-L/share/intel/2018u4/compilers_and_libraries_2018.5.274/linux/mkl/lib/intel64/ -lmkl_blacs_intelmpi_lp64 -lmkl_scalapack_lp64"
-----------------------------------------
Libraries compiled on 2022-04-30 14:05:36 on login03 
Machine characteristics: Linux-3.10.0-862.el7.x86_64-x86_64-with-redhat-7.5-Maipo
Using PETSc directory: /work/ese-chenph/lib/petsc-3.16.6-opt
Using PETSc arch: 
-----------------------------------------

Using C compiler: /share/intel/2018u4/compilers_and_libraries_2018.5.274/linux/mpi/intel64/bin/mpicc  -fPIC -Wall -Wwrite-strings -Wno-strict-aliasing -Wno-unknown-pragmas -fstack-protector -fvisibility=hidden -O3 -march=native -mtune=native  -std=c99 
Using Fortran compiler: /share/intel/2018u4/compilers_and_libraries_2018.5.274/linux/mpi/intel64/bin/mpif90  -fPIC -Wall -ffree-line-length-0 -Wno-unused-dummy-argument -O3 -march=native -mtune=native     -std=c99
-----------------------------------------

Using include paths: -I/work/ese-chenph/lib/petsc-3.16.6-opt/include -I/share/intel/2018u4/compilers_and_libraries_2018.5.274/linux/mkl/include -I/share/intel/2018u4/compilers_and_libraries_2018.5.274/linux/mpi/intel64/include
-----------------------------------------

Using C linker: /share/intel/2018u4/compilers_and_libraries_2018.5.274/linux/mpi/intel64/bin/mpicc
Using Fortran linker: /share/intel/2018u4/compilers_and_libraries_2018.5.274/linux/mpi/intel64/bin/mpif90
Using libraries: -Wl,-rpath,/work/ese-chenph/lib/petsc-3.16.6-opt/lib -L/work/ese-chenph/lib/petsc-3.16.6-opt/lib -lpetsc -Wl,-rpath,/work/ese-chenph/lib/petsc-3.16.6-opt/lib -L/work/ese-chenph/lib/petsc-3.16.6-opt/lib -L/share/intel/2018u4/compilers_and_libraries_2018.5.274/linux/mkl/lib/intel64/ -Wl,-rpath,/share/intel/2018u4/compilers_and_libraries_2018.5.274/linux/mkl/lib/intel64 -L/share/intel/2018u4/compilers_and_libraries_2018.5.274/linux/mkl/lib/intel64 -Wl,-rpath,/share/intel/2018u4/compilers_and_libraries_2018.5.274/linux/mpi/intel64/lib/release_mt -L/share/intel/2018u4/compilers_and_libraries_2018.5.274/linux/mpi/intel64/lib/release_mt -Wl,-rpath,/share/intel/2018u4/compilers_and_libraries_2018.5.274/linux/mpi/intel64/lib -L/share/intel/2018u4/compilers_and_libraries_2018.5.274/linux/mpi/intel64/lib -Wl,-rpath,/usr/lib/gcc/x86_64-redhat-linux/4.8.5 -L/usr/lib/gcc/x86_64-redhat-linux/4.8.5 -Wl,-rpath,/opt/intel/mpi-rt/2017.0.0/intel64/lib/release_mt -Wl,-rpath,/opt/intel/mpi-rt/2017.0.0/intel64/lib -lHYPRE -lcmumps -ldmumps -lsmumps -lzmumps -lmumps_common -lpord -lmkl_blacs_intelmpi_lp64 -lmkl_scalapack_lp64 -lmkl_intel_lp64 -lmkl_core -lmkl_sequential -lpthread -lhdf5_hl -lhdf5 -lmetis -lm -lX11 -lstdc++ -ldl -lmpifort -lmpi -lmpigi -lrt -lpthread -lgfortran -lm -lgfortran -lm -lgcc_s -lquadmath -lstdc++ -ldl
-----------------------------------------

