Sender: LSF System <lsfadmin@r13n45>
Subject: Job 3826675: <HTS2D> in cluster <sustchpc> Done

Job <HTS2D> was submitted from host <login03> by user <ese-chenph> in cluster <sustchpc> at Wed Jun  8 19:31:44 2022.
Job was executed on host(s) <10*r13n45>, in queue <debug>, as user <ese-chenph> in cluster <sustchpc> at Wed Jun  8 19:31:45 2022.
</work/ese-chenph> was used as the home directory.
</work/ese-chenph/github/MAE5032_FinalProject/TaiYi_Material> was used as the working directory.
Started at Wed Jun  8 19:31:45 2022.
Terminated at Wed Jun  8 19:31:46 2022.
Results reported at Wed Jun  8 19:31:46 2022.

Your job looked like:

------------------------------------------------------------
# LSBATCH: User input
#!/bin/bash
#BSUB -J HTS2D
#BSUB -q debug
#BSUB -n 10
#BSUB -W 00:10
#BSUB -e %J-petsc.err
#BSUB -o %J-petsc.out

K = 10
N = 10



HTS2D_DIR="/work/ese-chenph/github/MAE5032_FinalProject"
cd $HTS2D_DIR

module purge
module load mpi/intel/2018.4

cd build
make HTS2D_DIR
mpirun -np $K ./HTS2D generator -fname ../data/test01.hdf5 -n $N -dl 0.1 -dt 1 -g 200 -rho 300 -c 1000 -k 10 -f 0 -u0 50
mpirun -np $K ./HTS2D implicit -fname ../data/test01.hdf5 -maxItsW 1000 -maxIts 1000 -restart 0 -log_view > test01.log 2>&1

------------------------------------------------------------

Successfully completed.

Resource usage summary:

    CPU time :                                   0.15 sec.
    Max Memory :                                 -
    Average Memory :                             -
    Total Requested Memory :                     -
    Delta Memory :                               -
    Max Swap :                                   -
    Max Processes :                              -
    Max Threads :                                -
    Run time :                                   0 sec.
    Turnaround time :                            2 sec.

The output (if any) follows:



PS:

Read file <3826675-petsc.err> for stderr output of this job.

