Sender: LSF System <lsfadmin@r13n45>
Subject: Job 3826699: <HTS2D> in cluster <sustchpc> Done

Job <HTS2D> was submitted from host <login03> by user <ese-chenph> in cluster <sustchpc> at Wed Jun  8 19:43:11 2022.
Job was executed on host(s) <10*r13n45>, in queue <debug>, as user <ese-chenph> in cluster <sustchpc> at Wed Jun  8 19:43:11 2022.
</work/ese-chenph> was used as the home directory.
</work/ese-chenph/github/MAE5032_FinalProject/TaiYi_Material> was used as the working directory.
Started at Wed Jun  8 19:43:11 2022.
Terminated at Wed Jun  8 19:43:22 2022.
Results reported at Wed Jun  8 19:43:22 2022.

Your job looked like:

------------------------------------------------------------
# LSBATCH: User input
#!/bin/bash
#BSUB -J HTS2D
#BSUB -q debug
#BSUB -n 10
#BSUB -W 00:10
#BSUB -e %J-petsc.err
#BSUB -o %J-petsc.out

K=10
N=10

HTS2D_DIR="/work/ese-chenph/github/MAE5032_FinalProject"
cd $HTS2D_DIR

module purge
module load mpi/intel/2018.4

cd build
make HTS2D
mpirun -np $K ./HTS2D generator -fname ../data/test01.hdf5 -n $N -dl 0.1 -dt 1 -g 200 -rho 300 -c 1000 -k 10 -f 0 -u0 50
mpirun -np $K ./HTS2D implicit -fname ../data/test01.hdf5 -maxItsW 1000 -maxIts 1000 -restart 0 -log_view > test01.log 2>&1

mv test01.log ../TaiYi_Material/test01.log
------------------------------------------------------------

Successfully completed.

Resource usage summary:

    CPU time :                                   11.68 sec.
    Max Memory :                                 24 MB
    Average Memory :                             24.00 MB
    Total Requested Memory :                     -
    Delta Memory :                               -
    Max Swap :                                   1345 MB
    Max Processes :                              8
    Max Threads :                                9
    Run time :                                   10 sec.
    Turnaround time :                            11 sec.

The output (if any) follows:

/share/intel/2018u4/compilers_and_libraries_2018.5.274/linux/mpi/intel64/bin/mpicc -fPIC -Wall -Wwrite-strings -Wno-strict-aliasing -Wno-unknown-pragmas -fstack-protector -fvisibility=hidden -O3 -march=native -mtune=native  -std=c99 -std=c99   -I/work/ese-chenph/lib/petsc-3.16.6-opt/include    -c -o ../src/generator.o ../src/generator.c
/share/intel/2018u4/compilers_and_libraries_2018.5.274/linux/mpi/intel64/bin/mpicc -fPIC -Wall -Wwrite-strings -Wno-strict-aliasing -Wno-unknown-pragmas -fstack-protector -fvisibility=hidden -O3 -march=native -mtune=native  -std=c99 -std=c99   -I/work/ese-chenph/lib/petsc-3.16.6-opt/include    -c -o ../src/main.o ../src/main.c
/share/intel/2018u4/compilers_and_libraries_2018.5.274/linux/mpi/intel64/bin/mpicc -fPIC -Wall -Wwrite-strings -Wno-strict-aliasing -Wno-unknown-pragmas -fstack-protector -fvisibility=hidden -O3 -march=native -mtune=native  -std=c99 -std=c99   -I/work/ese-chenph/lib/petsc-3.16.6-opt/include    -c -o ../src/explicit.o ../src/explicit.c
/share/intel/2018u4/compilers_and_libraries_2018.5.274/linux/mpi/intel64/bin/mpicc -fPIC -Wall -Wwrite-strings -Wno-strict-aliasing -Wno-unknown-pragmas -fstack-protector -fvisibility=hidden -O3 -march=native -mtune=native  -std=c99 -std=c99   -I/work/ese-chenph/lib/petsc-3.16.6-opt/include    -c -o ../src/implicit.o ../src/implicit.c
/share/intel/2018u4/compilers_and_libraries_2018.5.274/linux/mpi/intel64/bin/mpicxx -Wall -Wwrite-strings -Wno-strict-aliasing -Wno-unknown-pragmas -fstack-protector -fvisibility=hidden -O3 -march=native -mtune=native  -fPIC -std=gnu++11 -std=c99    -I/work/ese-chenph/lib/petsc-3.16.6-opt/include   -L/work/ese-chenph/lib/petsc-3.16.6-opt/lib    -Wl,-rpath,/work/ese-chenph/lib/petsc-3.16.6-opt/lib  -lpetsc   -lm -lhdf5 -o HTS2D ../src/generator.o ../src/main.o ../src/explicit.o ../src/implicit.o
rm -f ../src/generator.o ../src/main.o ../src/explicit.o ../src/implicit.o
Setting finished for parameters. dt:  1
Setting finished for parameters. dl:  0.1
Setting finished for parameters. rho: 300
Setting finished for parameters. c:   1000
Setting finished for parameters. k:   10
Setting finished for parameters. f:   0
Setting finished for parameters. n:   10
Setting finished for the initial u0: 50..
Setting finished for g of all the boundary: 200..
HDF5 file ../data/test01.hdf5 has been written.


PS:

Read file <3826699-petsc.err> for stderr output of this job.

