Sender: LSF System <lsfadmin@r13n47>
Subject: Job 3829006: <HTS2D> in cluster <sustchpc> Done

Job <HTS2D> was submitted from host <login03> by user <ese-chenph> in cluster <sustchpc> at Thu Jun  9 15:23:40 2022.
Job was executed on host(s) <10*r13n47>, in queue <debug>, as user <ese-chenph> in cluster <sustchpc> at Thu Jun  9 15:23:41 2022.
</work/ese-chenph> was used as the home directory.
</work/ese-chenph/github/MAE5032_FinalProject/TaiYi_Material> was used as the working directory.
Started at Thu Jun  9 15:23:41 2022.
Terminated at Thu Jun  9 15:23:48 2022.
Results reported at Thu Jun  9 15:23:48 2022.

Your job looked like:

------------------------------------------------------------
# LSBATCH: User input
#!/bin/bash
#BSUB -J HTS2D
#BSUB -q debug
#BSUB -n 10
#BSUB -W 00:10
#BSUB -e %J-petsc.err
#BSUB -o %J-petsc.out

K=10
N=100

HTS2D_DIR="/work/ese-chenph/github/MAE5032_FinalProject"
cd $HTS2D_DIR

module purge
module load mpi/intel/2018.4

cd build
make HTS2D

rm -rf ../data/*

mpirun -np 10 ./HTS2D generator -fname ../data/test01_ex.hdf5 -n 100 -dl 0.01 -dt 100 -g 100 -rho 5000 -c 1000 -k 1 -f 0 -u0 50
mpirun -np 10 ./HTS2D explicit -fname ../data/test01_ex.hdf5 -tol 1e-7 -ps 1000 -maxItsW 100000 -maxIts 100000 -restart 0> test01_ex.log 2>&1

# mpirun -np $K ./HTS2D generator -fname ../data/test01_im.hdf5 -n $N -dl 0.01 -dt 1 -g 200 -rho 300 -c 1000 -k 10 -f 0 -u0 50
# mpirun -np $K ./HTS2D implicit -fname ../data/test01_im.hdf5 -maxItsW 1000 -maxIts 1000 -restart 0 -log_view > xxxtest01_im.log 2>&1

mv test01_ex.log ../TaiYi_Material/test01_ex.log
#mv test01_im.log ../TaiYi_Material/test01_im.log
------------------------------------------------------------

Successfully completed.

Resource usage summary:

    CPU time :                                   19.10 sec.
    Max Memory :                                 34 MB
    Average Memory :                             34.00 MB
    Total Requested Memory :                     -
    Delta Memory :                               -
    Max Swap :                                   165 MB
    Max Processes :                              8
    Max Threads :                                9
    Run time :                                   6 sec.
    Turnaround time :                            8 sec.

The output (if any) follows:

/share/intel/2018u4/compilers_and_libraries_2018.5.274/linux/mpi/intel64/bin/mpicc -fPIC -Wall -Wwrite-strings -Wno-strict-aliasing -Wno-unknown-pragmas -fstack-protector -fvisibility=hidden -O3 -march=native -mtune=native  -std=c99 -std=c99   -I/work/ese-chenph/lib/petsc-3.16.6-opt/include    -c -o ../src/generator.o ../src/generator.c
/share/intel/2018u4/compilers_and_libraries_2018.5.274/linux/mpi/intel64/bin/mpicc -fPIC -Wall -Wwrite-strings -Wno-strict-aliasing -Wno-unknown-pragmas -fstack-protector -fvisibility=hidden -O3 -march=native -mtune=native  -std=c99 -std=c99   -I/work/ese-chenph/lib/petsc-3.16.6-opt/include    -c -o ../src/main.o ../src/main.c
/share/intel/2018u4/compilers_and_libraries_2018.5.274/linux/mpi/intel64/bin/mpicc -fPIC -Wall -Wwrite-strings -Wno-strict-aliasing -Wno-unknown-pragmas -fstack-protector -fvisibility=hidden -O3 -march=native -mtune=native  -std=c99 -std=c99   -I/work/ese-chenph/lib/petsc-3.16.6-opt/include    -c -o ../src/explicit.o ../src/explicit.c
/share/intel/2018u4/compilers_and_libraries_2018.5.274/linux/mpi/intel64/bin/mpicc -fPIC -Wall -Wwrite-strings -Wno-strict-aliasing -Wno-unknown-pragmas -fstack-protector -fvisibility=hidden -O3 -march=native -mtune=native  -std=c99 -std=c99   -I/work/ese-chenph/lib/petsc-3.16.6-opt/include    -c -o ../src/implicit.o ../src/implicit.c
/share/intel/2018u4/compilers_and_libraries_2018.5.274/linux/mpi/intel64/bin/mpicxx -Wall -Wwrite-strings -Wno-strict-aliasing -Wno-unknown-pragmas -fstack-protector -fvisibility=hidden -O3 -march=native -mtune=native  -fPIC -std=gnu++11 -std=c99    -I/work/ese-chenph/lib/petsc-3.16.6-opt/include   -L/work/ese-chenph/lib/petsc-3.16.6-opt/lib    -Wl,-rpath,/work/ese-chenph/lib/petsc-3.16.6-opt/lib  -lpetsc   -lm -lhdf5 -o HTS2D ../src/generator.o ../src/main.o ../src/explicit.o ../src/implicit.o
rm -f ../src/generator.o ../src/main.o ../src/explicit.o ../src/implicit.o
Setting finished for parameters. dt:  100
Setting finished for parameters. dl:  0.01
Setting finished for parameters. rho: 5000
Setting finished for parameters. c:   1000
Setting finished for parameters. k:   1
Setting finished for parameters. f:   0
Setting finished for parameters. n:   100
Setting finished for the initial u0: 50..
Setting finished for g of all the boundary: 100..
HDF5 file ../data/test01_ex.hdf5 has been written.
Explicit iteration done.
Iteration times:41483, break tolerance:2.46621e-09 .
Difference to solution: 0.000312327 .
---------------------------------------------------------------.


PS:

Read file <3829006-petsc.err> for stderr output of this job.

